<?xml version="1.0" encoding="UTF-8"?>
<coverage generated="1762789049900" clover="3.2.0">
  <project timestamp="1762789049900" name="All files">
    <metrics statements="483" coveredstatements="461" conditionals="246" coveredconditionals="194" methods="109" coveredmethods="103" elements="838" coveredelements="758" complexity="0" loc="483" ncloc="483" packages="5" files="14" classes="14"/>
    <package name="components">
      <metrics statements="27" coveredstatements="27" conditionals="38" coveredconditionals="32" methods="14" coveredmethods="14"/>
      <file name="BookingCard.js" path="/Users/ajaybeer_sachdeva@uhg.com/Desktop/Conference Meeting Application/components/BookingCard.js">
        <metrics statements="13" coveredstatements="13" conditionals="22" coveredconditionals="20" methods="6" coveredmethods="6"/>
        <line num="7" count="14" type="stmt"/>
        <line num="8" count="14" type="cond" truecount="2" falsecount="0"/>
        <line num="9" count="14" type="stmt"/>
        <line num="10" count="14" type="stmt"/>
        <line num="13" count="14" type="stmt"/>
        <line num="14" count="1" type="stmt"/>
        <line num="24" count="14" type="stmt"/>
        <line num="25" count="1" type="stmt"/>
        <line num="35" count="14" type="stmt"/>
        <line num="37" count="14" type="stmt"/>
        <line num="79" count="3" type="cond" truecount="1" falsecount="1"/>
        <line num="86" count="11" type="cond" truecount="1" falsecount="1"/>
        <line num="99" count="1" type="stmt"/>
      </file>
      <file name="IconButton.js" path="/Users/ajaybeer_sachdeva@uhg.com/Desktop/Conference Meeting Application/components/IconButton.js">
        <metrics statements="3" coveredstatements="3" conditionals="2" coveredconditionals="1" methods="2" coveredmethods="2"/>
        <line num="6" count="2" type="stmt"/>
        <line num="8" count="2" type="stmt"/>
        <line num="26" count="1" type="stmt"/>
      </file>
      <file name="Room.js" path="/Users/ajaybeer_sachdeva@uhg.com/Desktop/Conference Meeting Application/components/Room.js">
        <metrics statements="4" coveredstatements="4" conditionals="2" coveredconditionals="1" methods="3" coveredmethods="3"/>
        <line num="6" count="3" type="stmt"/>
        <line num="9" count="1" type="stmt"/>
        <line num="14" count="3" type="cond" truecount="1" falsecount="1"/>
        <line num="27" count="1" type="stmt"/>
      </file>
      <file name="UserProfileModal.js" path="/Users/ajaybeer_sachdeva@uhg.com/Desktop/Conference Meeting Application/components/UserProfileModal.js">
        <metrics statements="7" coveredstatements="7" conditionals="12" coveredconditionals="10" methods="3" coveredmethods="3"/>
        <line num="8" count="8" type="stmt"/>
        <line num="9" count="8" type="stmt"/>
        <line num="10" count="8" type="stmt"/>
        <line num="12" count="8" type="cond" truecount="2" falsecount="0"/>
        <line num="14" count="7" type="stmt"/>
        <line num="93" count="1" type="stmt"/>
        <line num="117" count="1" type="stmt"/>
      </file>
    </package>
    <package name="redux">
      <metrics statements="1" coveredstatements="1" conditionals="0" coveredconditionals="0" methods="0" coveredmethods="0"/>
      <file name="store.js" path="/Users/ajaybeer_sachdeva@uhg.com/Desktop/Conference Meeting Application/redux/store.js">
        <metrics statements="1" coveredstatements="1" conditionals="0" coveredconditionals="0" methods="0" coveredmethods="0"/>
        <line num="4" count="5" type="stmt"/>
      </file>
    </package>
    <package name="redux.slices">
      <metrics statements="8" coveredstatements="8" conditionals="0" coveredconditionals="0" methods="2" coveredmethods="2"/>
      <file name="userSlice.js" path="/Users/ajaybeer_sachdeva@uhg.com/Desktop/Conference Meeting Application/redux/slices/userSlice.js">
        <metrics statements="8" coveredstatements="8" conditionals="0" coveredconditionals="0" methods="2" coveredmethods="2"/>
        <line num="4" count="1" type="stmt"/>
        <line num="12" count="6" type="stmt"/>
        <line num="13" count="6" type="stmt"/>
        <line num="16" count="5" type="stmt"/>
        <line num="17" count="5" type="stmt"/>
        <line num="18" count="5" type="stmt"/>
        <line num="19" count="5" type="stmt"/>
        <line num="26" count="1" type="stmt"/>
      </file>
    </package>
    <package name="screens">
      <metrics statements="343" coveredstatements="322" conditionals="172" coveredconditionals="128" methods="70" coveredmethods="65"/>
      <file name="BookingScreen.js" path="/Users/ajaybeer_sachdeva@uhg.com/Desktop/Conference Meeting Application/screens/BookingScreen.js">
        <metrics statements="198" coveredstatements="177" conditionals="117" coveredconditionals="85" methods="33" coveredmethods="28"/>
        <line num="19" count="1" type="stmt"/>
        <line num="20" count="1" type="stmt"/>
        <line num="23" count="1" type="stmt"/>
        <line num="24" count="15" type="cond" truecount="2" falsecount="0"/>
        <line num="25" count="13" type="stmt"/>
        <line num="26" count="13" type="stmt"/>
        <line num="30" count="1" type="stmt"/>
        <line num="31" count="25" type="cond" truecount="4" falsecount="0"/>
        <line num="32" count="3" type="stmt"/>
        <line num="35" count="22" type="stmt"/>
        <line num="38" count="22" type="stmt"/>
        <line num="39" count="22" type="cond" truecount="2" falsecount="0"/>
        <line num="40" count="7" type="stmt"/>
        <line num="43" count="15" type="stmt"/>
        <line num="46" count="15" type="cond" truecount="5" falsecount="1"/>
        <line num="47" count="0" type="stmt"/>
        <line num="51" count="15" type="cond" truecount="4" falsecount="0"/>
        <line num="52" count="2" type="stmt"/>
        <line num="55" count="13" type="stmt"/>
        <line num="60" count="112" type="stmt"/>
        <line num="61" count="112" type="stmt"/>
        <line num="62" count="112" type="stmt"/>
        <line num="64" count="112" type="stmt"/>
        <line num="65" count="16" type="stmt"/>
        <line num="75" count="112" type="stmt"/>
        <line num="76" count="112" type="cond" truecount="1" falsecount="1"/>
        <line num="77" count="0" type="stmt"/>
        <line num="80" count="112" type="stmt"/>
        <line num="81" count="112" type="stmt"/>
        <line num="83" count="112" type="stmt"/>
        <line num="84" count="112" type="stmt"/>
        <line num="85" count="112" type="stmt"/>
        <line num="86" count="16" type="stmt"/>
        <line num="87" count="16" type="stmt"/>
        <line num="88" count="16" type="stmt"/>
        <line num="91" count="112" type="stmt"/>
        <line num="92" count="16" type="stmt"/>
        <line num="93" count="16" type="stmt"/>
        <line num="94" count="16" type="stmt"/>
        <line num="97" count="112" type="stmt"/>
        <line num="98" count="112" type="stmt"/>
        <line num="101" count="112" type="stmt"/>
        <line num="102" count="112" type="stmt"/>
        <line num="103" count="112" type="stmt"/>
        <line num="104" count="112" type="stmt"/>
        <line num="105" count="112" type="stmt"/>
        <line num="106" count="112" type="stmt"/>
        <line num="107" count="112" type="stmt"/>
        <line num="110" count="112" type="stmt"/>
        <line num="111" count="22" type="stmt"/>
        <line num="112" count="22" type="cond" truecount="1" falsecount="1"/>
        <line num="113" count="22" type="stmt"/>
        <line num="114" count="22" type="stmt"/>
        <line num="115" count="22" type="stmt"/>
        <line num="116" count="22" type="stmt"/>
        <line num="118" count="22" type="stmt"/>
        <line num="119" count="22" type="stmt"/>
        <line num="121" count="22" type="stmt"/>
        <line num="123" count="0" type="stmt"/>
        <line num="128" count="22" type="stmt"/>
        <line num="131" count="112" type="stmt"/>
        <line num="132" count="22" type="stmt"/>
        <line num="133" count="22" type="stmt"/>
        <line num="134" count="22" type="stmt"/>
        <line num="136" count="22" type="stmt"/>
        <line num="143" count="22" type="stmt"/>
        <line num="145" count="22" type="stmt"/>
        <line num="146" count="22" type="stmt"/>
        <line num="148" count="22" type="stmt"/>
        <line num="149" count="2" type="stmt"/>
        <line num="151" count="2" type="stmt"/>
        <line num="154" count="2" type="cond" truecount="2" falsecount="0"/>
        <line num="155" count="1" type="stmt"/>
        <line num="163" count="2" type="stmt"/>
        <line num="166" count="22" type="cond" truecount="2" falsecount="0"/>
        <line num="167" count="21" type="stmt"/>
        <line num="175" count="22" type="stmt"/>
        <line num="178" count="112" type="stmt"/>
        <line num="179" count="44" type="stmt"/>
        <line num="180" count="44" type="stmt"/>
        <line num="181" count="44" type="stmt"/>
        <line num="184" count="112" type="stmt"/>
        <line num="185" count="6" type="cond" truecount="1" falsecount="1"/>
        <line num="186" count="6" type="stmt"/>
        <line num="189" count="6" type="cond" truecount="1" falsecount="1"/>
        <line num="190" count="6" type="stmt"/>
        <line num="191" count="6" type="stmt"/>
        <line num="195" count="112" type="stmt"/>
        <line num="196" count="7" type="stmt"/>
        <line num="198" count="7" type="cond" truecount="1" falsecount="1"/>
        <line num="199" count="7" type="stmt"/>
        <line num="202" count="7" type="cond" truecount="3" falsecount="1"/>
        <line num="203" count="7" type="stmt"/>
        <line num="204" count="7" type="stmt"/>
        <line num="206" count="7" type="stmt"/>
        <line num="209" count="7" type="cond" truecount="3" falsecount="1"/>
        <line num="210" count="0" type="stmt"/>
        <line num="211" count="0" type="stmt"/>
        <line num="214" count="7" type="stmt"/>
        <line num="215" count="7" type="stmt"/>
        <line num="216" count="7" type="stmt"/>
        <line num="218" count="7" type="stmt"/>
        <line num="222" count="112" type="stmt"/>
        <line num="223" count="7" type="stmt"/>
        <line num="225" count="7" type="cond" truecount="1" falsecount="1"/>
        <line num="226" count="7" type="stmt"/>
        <line num="229" count="7" type="cond" truecount="3" falsecount="1"/>
        <line num="230" count="7" type="stmt"/>
        <line num="231" count="7" type="stmt"/>
        <line num="233" count="7" type="stmt"/>
        <line num="236" count="7" type="cond" truecount="3" falsecount="1"/>
        <line num="237" count="0" type="stmt"/>
        <line num="238" count="0" type="stmt"/>
        <line num="241" count="7" type="stmt"/>
        <line num="242" count="7" type="stmt"/>
        <line num="243" count="7" type="stmt"/>
        <line num="245" count="7" type="stmt"/>
        <line num="249" count="112" type="stmt"/>
        <line num="250" count="8" type="stmt"/>
        <line num="251" count="8" type="stmt"/>
        <line num="254" count="112" type="stmt"/>
        <line num="255" count="7" type="stmt"/>
        <line num="256" count="7" type="stmt"/>
        <line num="259" count="112" type="stmt"/>
        <line num="260" count="6" type="stmt"/>
        <line num="264" count="112" type="stmt"/>
        <line num="265" count="7" type="cond" truecount="6" falsecount="0"/>
        <line num="266" count="1" type="stmt"/>
        <line num="267" count="1" type="stmt"/>
        <line num="271" count="6" type="stmt"/>
        <line num="272" count="6" type="stmt"/>
        <line num="273" count="6" type="stmt"/>
        <line num="276" count="6" type="cond" truecount="1" falsecount="1"/>
        <line num="277" count="0" type="stmt"/>
        <line num="278" count="0" type="stmt"/>
        <line num="282" count="6" type="stmt"/>
        <line num="283" count="6" type="cond" truecount="1" falsecount="1"/>
        <line num="284" count="0" type="stmt"/>
        <line num="285" count="0" type="stmt"/>
        <line num="288" count="6" type="cond" truecount="2" falsecount="0"/>
        <line num="289" count="1" type="stmt"/>
        <line num="290" count="1" type="stmt"/>
        <line num="293" count="5" type="cond" truecount="1" falsecount="1"/>
        <line num="294" count="0" type="stmt"/>
        <line num="295" count="0" type="stmt"/>
        <line num="298" count="5" type="cond" truecount="1" falsecount="1"/>
        <line num="299" count="0" type="stmt"/>
        <line num="300" count="0" type="stmt"/>
        <line num="304" count="5" type="stmt"/>
        <line num="305" count="5" type="stmt"/>
        <line num="308" count="5" type="stmt"/>
        <line num="310" count="5" type="cond" truecount="2" falsecount="0"/>
        <line num="311" count="1" type="stmt"/>
        <line num="312" count="1" type="stmt"/>
        <line num="313" count="1" type="stmt"/>
        <line num="314" count="1" type="stmt"/>
        <line num="315" count="1" type="stmt"/>
        <line num="317" count="1" type="cond" truecount="2" falsecount="3"/>
        <line num="318" count="1" type="stmt"/>
        <line num="319" count="1" type="stmt"/>
        <line num="322" count="0" type="cond" truecount="0" falsecount="5"/>
        <line num="323" count="0" type="stmt"/>
        <line num="324" count="0" type="stmt"/>
        <line num="328" count="4" type="stmt"/>
        <line num="329" count="4" type="stmt"/>
        <line num="331" count="4" type="cond" truecount="2" falsecount="0"/>
        <line num="332" count="1" type="stmt"/>
        <line num="333" count="1" type="stmt"/>
        <line num="336" count="3" type="stmt"/>
        <line num="337" count="3" type="stmt"/>
        <line num="348" count="3" type="stmt"/>
        <line num="350" count="3" type="stmt"/>
        <line num="352" count="2" type="stmt"/>
        <line num="355" count="1" type="stmt"/>
        <line num="358" count="2" type="stmt"/>
        <line num="361" count="1" type="stmt"/>
        <line num="366" count="112" type="stmt"/>
        <line num="367" count="4" type="stmt"/>
        <line num="374" count="112" type="stmt"/>
        <line num="422" count="0" type="stmt"/>
        <line num="437" count="28" type="stmt"/>
        <line num="452" count="4" type="stmt"/>
        <line num="491" count="10" type="stmt"/>
        <line num="492" count="10" type="stmt"/>
        <line num="493" count="10" type="stmt"/>
        <line num="496" count="10" type="stmt"/>
        <line num="497" count="10" type="stmt"/>
        <line num="498" count="10" type="stmt"/>
        <line num="505" count="0" type="stmt"/>
        <line num="538" count="7" type="stmt"/>
        <line num="539" count="7" type="stmt"/>
        <line num="540" count="7" type="stmt"/>
        <line num="543" count="7" type="stmt"/>
        <line num="544" count="7" type="stmt"/>
        <line num="545" count="7" type="stmt"/>
        <line num="552" count="0" type="stmt"/>
        <line num="589" count="106" type="stmt"/>
        <line num="604" count="1" type="stmt"/>
      </file>
      <file name="LoginScreen.js" path="/Users/ajaybeer_sachdeva@uhg.com/Desktop/Conference Meeting Application/screens/LoginScreen.js">
        <metrics statements="26" coveredstatements="26" conditionals="10" coveredconditionals="7" methods="4" coveredmethods="4"/>
        <line num="21" count="21" type="stmt"/>
        <line num="22" count="21" type="stmt"/>
        <line num="23" count="21" type="stmt"/>
        <line num="24" count="21" type="stmt"/>
        <line num="25" count="21" type="stmt"/>
        <line num="26" count="21" type="stmt"/>
        <line num="28" count="21" type="stmt"/>
        <line num="29" count="6" type="stmt"/>
        <line num="38" count="21" type="stmt"/>
        <line num="39" count="4" type="stmt"/>
        <line num="40" count="4" type="stmt"/>
        <line num="41" count="4" type="stmt"/>
        <line num="42" count="2" type="cond" truecount="2" falsecount="0"/>
        <line num="43" count="1" type="stmt"/>
        <line num="44" count="1" type="stmt"/>
        <line num="45" count="1" type="stmt"/>
        <line num="46" count="1" type="stmt"/>
        <line num="49" count="1" type="stmt"/>
        <line num="52" count="1" type="stmt"/>
        <line num="53" count="1" type="stmt"/>
        <line num="55" count="3" type="stmt"/>
        <line num="58" count="21" type="cond" truecount="2" falsecount="0"/>
        <line num="59" count="4" type="stmt"/>
        <line num="62" count="17" type="stmt"/>
        <line num="95" count="1" type="stmt"/>
        <line num="105" count="1" type="stmt"/>
      </file>
      <file name="MyBookingsScreen.js" path="/Users/ajaybeer_sachdeva@uhg.com/Desktop/Conference Meeting Application/screens/MyBookingsScreen.js">
        <metrics statements="46" coveredstatements="46" conditionals="8" coveredconditionals="8" methods="15" coveredmethods="15"/>
        <line num="10" count="37" type="stmt"/>
        <line num="11" count="37" type="stmt"/>
        <line num="12" count="37" type="stmt"/>
        <line num="13" count="36" type="stmt"/>
        <line num="15" count="36" type="stmt"/>
        <line num="16" count="15" type="stmt"/>
        <line num="26" count="36" type="stmt"/>
        <line num="27" count="15" type="stmt"/>
        <line num="28" count="11" type="stmt"/>
        <line num="29" count="11" type="stmt"/>
        <line num="30" count="11" type="stmt"/>
        <line num="31" count="9" type="stmt"/>
        <line num="45" count="9" type="stmt"/>
        <line num="46" count="9" type="stmt"/>
        <line num="48" count="1" type="stmt"/>
        <line num="50" count="10" type="stmt"/>
        <line num="54" count="15" type="cond" truecount="4" falsecount="0"/>
        <line num="55" count="11" type="stmt"/>
        <line num="59" count="36" type="stmt"/>
        <line num="60" count="2" type="stmt"/>
        <line num="61" count="2" type="stmt"/>
        <line num="62" count="2" type="stmt"/>
        <line num="64" count="1" type="stmt"/>
        <line num="65" count="1" type="stmt"/>
        <line num="68" count="1" type="stmt"/>
        <line num="70" count="1" type="stmt"/>
        <line num="71" count="1" type="stmt"/>
        <line num="75" count="36" type="stmt"/>
        <line num="76" count="2" type="stmt"/>
        <line num="77" count="2" type="stmt"/>
        <line num="78" count="2" type="stmt"/>
        <line num="80" count="1" type="stmt"/>
        <line num="81" count="1" type="stmt"/>
        <line num="84" count="1" type="stmt"/>
        <line num="85" count="1" type="stmt"/>
        <line num="87" count="1" type="stmt"/>
        <line num="88" count="1" type="stmt"/>
        <line num="94" count="36" type="cond" truecount="2" falsecount="0"/>
        <line num="95" count="24" type="stmt"/>
        <line num="102" count="12" type="cond" truecount="2" falsecount="0"/>
        <line num="103" count="6" type="stmt"/>
        <line num="112" count="6" type="stmt"/>
        <line num="116" count="7" type="stmt"/>
        <line num="119" count="2" type="stmt"/>
        <line num="120" count="2" type="stmt"/>
        <line num="129" count="1" type="stmt"/>
      </file>
      <file name="RegisterScreen.js" path="/Users/ajaybeer_sachdeva@uhg.com/Desktop/Conference Meeting Application/screens/RegisterScreen.js">
        <metrics statements="43" coveredstatements="43" conditionals="33" coveredconditionals="26" methods="4" coveredmethods="4"/>
        <line num="20" count="74" type="stmt"/>
        <line num="21" count="74" type="stmt"/>
        <line num="22" count="74" type="stmt"/>
        <line num="23" count="74" type="stmt"/>
        <line num="24" count="74" type="stmt"/>
        <line num="25" count="74" type="stmt"/>
        <line num="26" count="74" type="stmt"/>
        <line num="27" count="74" type="stmt"/>
        <line num="29" count="74" type="stmt"/>
        <line num="30" count="15" type="stmt"/>
        <line num="39" count="74" type="stmt"/>
        <line num="40" count="13" type="stmt"/>
        <line num="42" count="13" type="cond" truecount="5" falsecount="0"/>
        <line num="43" count="1" type="stmt"/>
        <line num="44" count="1" type="stmt"/>
        <line num="45" count="1" type="stmt"/>
        <line num="48" count="12" type="cond" truecount="2" falsecount="0"/>
        <line num="49" count="1" type="stmt"/>
        <line num="50" count="1" type="stmt"/>
        <line num="51" count="1" type="stmt"/>
        <line num="54" count="11" type="stmt"/>
        <line num="55" count="11" type="cond" truecount="2" falsecount="0"/>
        <line num="56" count="1" type="stmt"/>
        <line num="57" count="1" type="stmt"/>
        <line num="58" count="1" type="stmt"/>
        <line num="61" count="10" type="stmt"/>
        <line num="69" count="10" type="stmt"/>
        <line num="70" count="10" type="stmt"/>
        <line num="71" count="7" type="stmt"/>
        <line num="72" count="4" type="cond" truecount="2" falsecount="0"/>
        <line num="73" count="1" type="stmt"/>
        <line num="75" count="3" type="stmt"/>
        <line num="76" count="3" type="stmt"/>
        <line num="77" count="3" type="stmt"/>
        <line num="79" count="6" type="cond" truecount="4" falsecount="0"/>
        <line num="80" count="1" type="stmt"/>
        <line num="82" count="5" type="stmt"/>
        <line num="85" count="9" type="stmt"/>
        <line num="89" count="74" type="cond" truecount="2" falsecount="0"/>
        <line num="90" count="10" type="stmt"/>
        <line num="93" count="64" type="stmt"/>
        <line num="156" count="1" type="stmt"/>
        <line num="166" count="1" type="stmt"/>
      </file>
      <file name="RoomListScreen.js" path="/Users/ajaybeer_sachdeva@uhg.com/Desktop/Conference Meeting Application/screens/RoomListScreen.js">
        <metrics statements="28" coveredstatements="28" conditionals="4" coveredconditionals="2" methods="13" coveredmethods="13"/>
        <line num="13" count="21" type="stmt"/>
        <line num="14" count="21" type="stmt"/>
        <line num="15" count="21" type="stmt"/>
        <line num="16" count="21" type="stmt"/>
        <line num="18" count="21" type="stmt"/>
        <line num="19" count="9" type="stmt"/>
        <line num="20" count="9" type="stmt"/>
        <line num="21" count="9" type="stmt"/>
        <line num="22" count="9" type="stmt"/>
        <line num="23" count="8" type="stmt"/>
        <line num="24" count="8" type="stmt"/>
        <line num="26" count="1" type="stmt"/>
        <line num="27" count="1" type="stmt"/>
        <line num="30" count="9" type="stmt"/>
        <line num="34" count="1" type="stmt"/>
        <line num="40" count="1" type="stmt"/>
        <line num="43" count="1" type="stmt"/>
        <line num="46" count="21" type="stmt"/>
        <line num="47" count="9" type="stmt"/>
        <line num="55" count="2" type="stmt"/>
        <line num="65" count="1" type="stmt"/>
        <line num="89" count="21" type="stmt"/>
        <line num="91" count="21" type="stmt"/>
        <line num="95" count="2" type="stmt"/>
        <line num="106" count="2" type="stmt"/>
        <line num="107" count="1" type="stmt"/>
        <line num="109" count="1" type="stmt"/>
        <line num="116" count="1" type="stmt"/>
      </file>
      <file name="SplashScreen.js" path="/Users/ajaybeer_sachdeva@uhg.com/Desktop/Conference Meeting Application/screens/SplashScreen.js">
        <metrics statements="2" coveredstatements="2" conditionals="0" coveredconditionals="0" methods="1" coveredmethods="1"/>
        <line num="5" count="1" type="stmt"/>
        <line num="15" count="1" type="stmt"/>
      </file>
    </package>
    <package name="util">
      <metrics statements="104" coveredstatements="103" conditionals="36" coveredconditionals="34" methods="23" coveredmethods="22"/>
      <file name="database.js" path="/Users/ajaybeer_sachdeva@uhg.com/Desktop/Conference Meeting Application/util/database.js">
        <metrics statements="69" coveredstatements="69" conditionals="16" coveredconditionals="16" methods="12" coveredmethods="12"/>
        <line num="6" count="39" type="stmt"/>
        <line num="7" count="39" type="stmt"/>
        <line num="8" count="38" type="stmt"/>
        <line num="38" count="37" type="stmt"/>
        <line num="40" count="2" type="stmt"/>
        <line num="41" count="2" type="stmt"/>
        <line num="46" count="5" type="stmt"/>
        <line num="47" count="5" type="stmt"/>
        <line num="48" count="4" type="cond" truecount="4" falsecount="0"/>
        <line num="49" count="1" type="stmt"/>
        <line num="50" count="1" type="stmt"/>
        <line num="51" count="1" type="stmt"/>
        <line num="54" count="3" type="stmt"/>
        <line num="66" count="2" type="stmt"/>
        <line num="68" count="2" type="stmt"/>
        <line num="73" count="5" type="stmt"/>
        <line num="74" count="5" type="stmt"/>
        <line num="75" count="4" type="cond" truecount="4" falsecount="0"/>
        <line num="76" count="1" type="stmt"/>
        <line num="77" count="1" type="stmt"/>
        <line num="80" count="3" type="stmt"/>
        <line num="86" count="2" type="stmt"/>
        <line num="88" count="2" type="stmt"/>
        <line num="93" count="4" type="stmt"/>
        <line num="94" count="4" type="stmt"/>
        <line num="95" count="3" type="stmt"/>
        <line num="100" count="2" type="stmt"/>
        <line num="101" count="2" type="stmt"/>
        <line num="106" count="3" type="stmt"/>
        <line num="107" count="3" type="stmt"/>
        <line num="109" count="3" type="stmt"/>
        <line num="114" count="2" type="stmt"/>
        <line num="115" count="2" type="stmt"/>
        <line num="117" count="1" type="stmt"/>
        <line num="118" count="1" type="stmt"/>
        <line num="123" count="4" type="stmt"/>
        <line num="124" count="4" type="stmt"/>
        <line num="128" count="3" type="cond" truecount="2" falsecount="0"/>
        <line num="130" count="1" type="stmt"/>
        <line num="131" count="1" type="stmt"/>
        <line num="136" count="5" type="stmt"/>
        <line num="137" count="5" type="stmt"/>
        <line num="139" count="5" type="stmt"/>
        <line num="146" count="4" type="cond" truecount="2" falsecount="0"/>
        <line num="147" count="1" type="stmt"/>
        <line num="150" count="3" type="stmt"/>
        <line num="156" count="2" type="stmt"/>
        <line num="158" count="3" type="stmt"/>
        <line num="163" count="3" type="stmt"/>
        <line num="164" count="3" type="stmt"/>
        <line num="172" count="2" type="stmt"/>
        <line num="174" count="1" type="stmt"/>
        <line num="175" count="1" type="stmt"/>
        <line num="180" count="3" type="stmt"/>
        <line num="181" count="3" type="stmt"/>
        <line num="185" count="2" type="stmt"/>
        <line num="187" count="1" type="stmt"/>
        <line num="188" count="1" type="stmt"/>
        <line num="193" count="2" type="stmt"/>
        <line num="194" count="2" type="stmt"/>
        <line num="198" count="1" type="stmt"/>
        <line num="200" count="1" type="stmt"/>
        <line num="201" count="1" type="stmt"/>
        <line num="206" count="2" type="stmt"/>
        <line num="207" count="2" type="stmt"/>
        <line num="209" count="2" type="stmt"/>
        <line num="214" count="1" type="stmt"/>
        <line num="216" count="1" type="stmt"/>
        <line num="217" count="1" type="stmt"/>
      </file>
      <file name="responsive.js" path="/Users/ajaybeer_sachdeva@uhg.com/Desktop/Conference Meeting Application/util/responsive.js">
        <metrics statements="35" coveredstatements="34" conditionals="20" coveredconditionals="18" methods="11" coveredmethods="10"/>
        <line num="5" count="124" type="stmt"/>
        <line num="9" count="124" type="stmt"/>
        <line num="10" count="37" type="stmt"/>
        <line num="11" count="0" type="stmt"/>
        <line num="13" count="37" type="stmt"/>
        <line num="15" count="37" type="cond" truecount="1" falsecount="1"/>
        <line num="16" count="37" type="stmt"/>
        <line num="21" count="124" type="stmt"/>
        <line num="24" count="48" type="stmt"/>
        <line num="27" count="48" type="stmt"/>
        <line num="28" count="48" type="stmt"/>
        <line num="32" count="291" type="stmt"/>
        <line num="33" count="48" type="stmt"/>
        <line num="34" count="432" type="stmt"/>
        <line num="37" count="48" type="stmt"/>
        <line num="47" count="48" type="stmt"/>
        <line num="59" count="48" type="stmt"/>
        <line num="60" count="48" type="cond" truecount="2" falsecount="0"/>
        <line num="61" count="48" type="stmt"/>
        <line num="64" count="48" type="stmt"/>
        <line num="65" count="36" type="cond" truecount="2" falsecount="0"/>
        <line num="66" count="31" type="cond" truecount="2" falsecount="0"/>
        <line num="67" count="25" type="stmt"/>
        <line num="71" count="48" type="stmt"/>
        <line num="72" count="52" type="cond" truecount="2" falsecount="0"/>
        <line num="73" count="50" type="cond" truecount="2" falsecount="0"/>
        <line num="74" count="48" type="stmt"/>
        <line num="78" count="48" type="stmt"/>
        <line num="79" count="25" type="cond" truecount="2" falsecount="0"/>
        <line num="80" count="3" type="stmt"/>
        <line num="88" count="22" type="stmt"/>
        <line num="98" count="48" type="stmt"/>
        <line num="99" count="10" type="cond" truecount="2" falsecount="0"/>
        <line num="100" count="8" type="cond" truecount="2" falsecount="0"/>
        <line num="101" count="6" type="stmt"/>
      </file>
    </package>
  </project>
</coverage>
