{"/Users/ajaybeer_sachdeva@uhg.com/Desktop/Conference Meeting Application/components/BookingCard.js": {"path":"/Users/ajaybeer_sachdeva@uhg.com/Desktop/Conference Meeting Application/components/BookingCard.js","statementMap":{"0":{"start":{"line":7,"column":24},"end":{"line":11,"column":3}},"1":{"start":{"line":8,"column":31},"end":{"line":8,"column":110}},"2":{"start":{"line":9,"column":16},"end":{"line":9,"column":26}},"3":{"start":{"line":10,"column":4},"end":{"line":10,"column":36}},"4":{"start":{"line":13,"column":28},"end":{"line":22,"column":3}},"5":{"start":{"line":14,"column":4},"end":{"line":21,"column":6}},"6":{"start":{"line":24,"column":28},"end":{"line":33,"column":3}},"7":{"start":{"line":25,"column":4},"end":{"line":32,"column":6}},"8":{"start":{"line":35,"column":22},"end":{"line":35,"column":37}},"9":{"start":{"line":37,"column":2},"end":{"line":94,"column":4}},"10":{"start":{"line":79,"column":34},"end":{"line":79,"column":82}},"11":{"start":{"line":86,"column":34},"end":{"line":86,"column":82}},"12":{"start":{"line":99,"column":15},"end":{"line":205,"column":2}}},"fnMap":{"0":{"name":"BookingCard","decl":{"start":{"line":6,"column":9},"end":{"line":6,"column":20}},"loc":{"start":{"line":6,"column":54},"end":{"line":95,"column":1}},"line":6},"1":{"name":"(anonymous_1)","decl":{"start":{"line":7,"column":24},"end":{"line":7,"column":25}},"loc":{"start":{"line":7,"column":30},"end":{"line":11,"column":3}},"line":7},"2":{"name":"(anonymous_2)","decl":{"start":{"line":13,"column":28},"end":{"line":13,"column":29}},"loc":{"start":{"line":13,"column":34},"end":{"line":22,"column":3}},"line":13},"3":{"name":"(anonymous_3)","decl":{"start":{"line":24,"column":28},"end":{"line":24,"column":29}},"loc":{"start":{"line":24,"column":34},"end":{"line":33,"column":3}},"line":24},"4":{"name":"(anonymous_4)","decl":{"start":{"line":79,"column":19},"end":{"line":79,"column":20}},"loc":{"start":{"line":79,"column":34},"end":{"line":79,"column":82}},"line":79},"5":{"name":"(anonymous_5)","decl":{"start":{"line":86,"column":19},"end":{"line":86,"column":20}},"loc":{"start":{"line":86,"column":34},"end":{"line":86,"column":82}},"line":86}},"branchMap":{"0":{"loc":{"start":{"line":8,"column":59},"end":{"line":8,"column":107}},"type":"binary-expr","locations":[{"start":{"line":8,"column":59},"end":{"line":8,"column":88}},{"start":{"line":8,"column":92},"end":{"line":8,"column":107}}],"line":8},"1":{"loc":{"start":{"line":38,"column":36},"end":{"line":38,"column":69}},"type":"binary-expr","locations":[{"start":{"line":38,"column":36},"end":{"line":38,"column":47}},{"start":{"line":38,"column":51},"end":{"line":38,"column":69}}],"line":38},"2":{"loc":{"start":{"line":43,"column":10},"end":{"line":43,"column":63}},"type":"cond-expr","locations":[{"start":{"line":43,"column":24},"end":{"line":43,"column":41}},{"start":{"line":43,"column":44},"end":{"line":43,"column":63}}],"line":43},"3":{"loc":{"start":{"line":45,"column":11},"end":{"line":45,"column":50}},"type":"cond-expr","locations":[{"start":{"line":45,"column":25},"end":{"line":45,"column":36}},{"start":{"line":45,"column":39},"end":{"line":45,"column":50}}],"line":45},"4":{"loc":{"start":{"line":50,"column":9},"end":{"line":50,"column":53}},"type":"binary-expr","locations":[{"start":{"line":50,"column":9},"end":{"line":50,"column":25}},{"start":{"line":50,"column":29},"end":{"line":50,"column":53}}],"line":50},"5":{"loc":{"start":{"line":63,"column":6},"end":{"line":65,"column":21}},"type":"cond-expr","locations":[{"start":{"line":64,"column":4},"end":{"line":64,"column":51}},{"start":{"line":65,"column":4},"end":{"line":65,"column":21}}],"line":63},"6":{"loc":{"start":{"line":66,"column":7},"end":{"line":68,"column":19}},"type":"cond-expr","locations":[{"start":{"line":67,"column":4},"end":{"line":67,"column":49}},{"start":{"line":68,"column":4},"end":{"line":68,"column":19}}],"line":66},"7":{"loc":{"start":{"line":72,"column":7},"end":{"line":74,"column":7}},"type":"binary-expr","locations":[{"start":{"line":72,"column":7},"end":{"line":72,"column":26}},{"start":{"line":73,"column":8},"end":{"line":73,"column":69}}],"line":72},"8":{"loc":{"start":{"line":77,"column":9},"end":{"line":91,"column":9}},"type":"cond-expr","locations":[{"start":{"line":78,"column":10},"end":{"line":83,"column":22}},{"start":{"line":85,"column":10},"end":{"line":90,"column":22}}],"line":77},"9":{"loc":{"start":{"line":79,"column":56},"end":{"line":79,"column":81}},"type":"binary-expr","locations":[{"start":{"line":79,"column":56},"end":{"line":79,"column":63}},{"start":{"line":79,"column":67},"end":{"line":79,"column":81}}],"line":79},"10":{"loc":{"start":{"line":86,"column":56},"end":{"line":86,"column":81}},"type":"binary-expr","locations":[{"start":{"line":86,"column":56},"end":{"line":86,"column":63}},{"start":{"line":86,"column":67},"end":{"line":86,"column":81}}],"line":86}},"s":{"0":14,"1":14,"2":14,"3":14,"4":14,"5":1,"6":14,"7":1,"8":14,"9":14,"10":3,"11":11,"12":1},"f":{"0":14,"1":14,"2":1,"3":1,"4":3,"5":11},"b":{"0":[14,9],"1":[14,3],"2":[3,11],"3":[3,11],"4":[14,2],"5":[3,11],"6":[5,9],"7":[14,13],"8":[3,11],"9":[3,0],"10":[11,0]},"_coverageSchema":"1a1c01bbd47fc00a2c39e90264f33305004495a9","hash":"9920fb9f50cdf92bd72d64606d0aacd54426540d"}
,"/Users/ajaybeer_sachdeva@uhg.com/Desktop/Conference Meeting Application/components/IconButton.js": {"path":"/Users/ajaybeer_sachdeva@uhg.com/Desktop/Conference Meeting Application/components/IconButton.js","statementMap":{"0":{"start":{"line":6,"column":2},"end":{"line":21,"column":4}},"1":{"start":{"line":8,"column":30},"end":{"line":15,"column":13}},"2":{"start":{"line":26,"column":15},"end":{"line":35,"column":2}}},"fnMap":{"0":{"name":"IconButton","decl":{"start":{"line":5,"column":9},"end":{"line":5,"column":19}},"loc":{"start":{"line":5,"column":52},"end":{"line":22,"column":1}},"line":5},"1":{"name":"(anonymous_1)","decl":{"start":{"line":8,"column":13},"end":{"line":8,"column":14}},"loc":{"start":{"line":8,"column":30},"end":{"line":15,"column":13}},"line":8}},"branchMap":{"0":{"loc":{"start":{"line":10,"column":16},"end":{"line":10,"column":41}},"type":"binary-expr","locations":[{"start":{"line":10,"column":16},"end":{"line":10,"column":23}},{"start":{"line":10,"column":27},"end":{"line":10,"column":41}}],"line":10}},"s":{"0":2,"1":2,"2":1},"f":{"0":2,"1":2},"b":{"0":[2,0]},"_coverageSchema":"1a1c01bbd47fc00a2c39e90264f33305004495a9","hash":"b0a1ad0886b2177f0df48b5cb4edc42d031829bc"}
,"/Users/ajaybeer_sachdeva@uhg.com/Desktop/Conference Meeting Application/components/Room.js": {"path":"/Users/ajaybeer_sachdeva@uhg.com/Desktop/Conference Meeting Application/components/Room.js","statementMap":{"0":{"start":{"line":6,"column":21},"end":{"line":6,"column":36}},"1":{"start":{"line":9,"column":8},"end":{"line":11,"column":11}},"2":{"start":{"line":14,"column":4},"end":{"line":22,"column":16}},"3":{"start":{"line":14,"column":67},"end":{"line":14,"column":111}},"4":{"start":{"line":27,"column":13},"end":{"line":71,"column":2}}},"fnMap":{"0":{"name":"Room","decl":{"start":{"line":5,"column":9},"end":{"line":5,"column":13}},"loc":{"start":{"line":5,"column":50},"end":{"line":23,"column":1}},"line":5},"1":{"name":"selectRoomHandler","decl":{"start":{"line":8,"column":13},"end":{"line":8,"column":30}},"loc":{"start":{"line":8,"column":32},"end":{"line":12,"column":5}},"line":8},"2":{"name":"(anonymous_2)","decl":{"start":{"line":14,"column":53},"end":{"line":14,"column":54}},"loc":{"start":{"line":14,"column":67},"end":{"line":14,"column":111}},"line":14}},"branchMap":{"0":{"loc":{"start":{"line":14,"column":85},"end":{"line":14,"column":110}},"type":"binary-expr","locations":[{"start":{"line":14,"column":85},"end":{"line":14,"column":92}},{"start":{"line":14,"column":96},"end":{"line":14,"column":110}}],"line":14}},"s":{"0":3,"1":1,"2":3,"3":3,"4":1},"f":{"0":3,"1":1,"2":3},"b":{"0":[3,0]},"_coverageSchema":"1a1c01bbd47fc00a2c39e90264f33305004495a9","hash":"8d929eb3947c3f93ebc88ae7f9bcd94d08bee123"}
,"/Users/ajaybeer_sachdeva@uhg.com/Desktop/Conference Meeting Application/components/UserProfileModal.js": {"path":"/Users/ajaybeer_sachdeva@uhg.com/Desktop/Conference Meeting Application/components/UserProfileModal.js","statementMap":{"0":{"start":{"line":8,"column":24},"end":{"line":8,"column":40}},"1":{"start":{"line":9,"column":44},"end":{"line":9,"column":59}},"2":{"start":{"line":10,"column":17},"end":{"line":10,"column":54}},"3":{"start":{"line":10,"column":38},"end":{"line":10,"column":53}},"4":{"start":{"line":12,"column":4},"end":{"line":12,"column":27}},"5":{"start":{"line":12,"column":15},"end":{"line":12,"column":27}},"6":{"start":{"line":14,"column":4},"end":{"line":112,"column":6}},"7":{"start":{"line":93,"column":59},"end":{"line":93,"column":89}},"8":{"start":{"line":117,"column":15},"end":{"line":226,"column":2}}},"fnMap":{"0":{"name":"UserProfileModal","decl":{"start":{"line":7,"column":9},"end":{"line":7,"column":25}},"loc":{"start":{"line":7,"column":48},"end":{"line":113,"column":1}},"line":7},"1":{"name":"(anonymous_1)","decl":{"start":{"line":10,"column":29},"end":{"line":10,"column":30}},"loc":{"start":{"line":10,"column":38},"end":{"line":10,"column":53}},"line":10},"2":{"name":"(anonymous_2)","decl":{"start":{"line":93,"column":53},"end":{"line":93,"column":54}},"loc":{"start":{"line":93,"column":59},"end":{"line":93,"column":89}},"line":93}},"branchMap":{"0":{"loc":{"start":{"line":12,"column":4},"end":{"line":12,"column":27}},"type":"if","locations":[{"start":{"line":12,"column":4},"end":{"line":12,"column":27}},{"start":{},"end":{}}],"line":12},"1":{"loc":{"start":{"line":23,"column":20},"end":{"line":23,"column":63}},"type":"binary-expr","locations":[{"start":{"line":23,"column":20},"end":{"line":23,"column":31}},{"start":{"line":23,"column":35},"end":{"line":23,"column":63}}],"line":23},"2":{"loc":{"start":{"line":27,"column":24},"end":{"line":27,"column":69}},"type":"binary-expr","locations":[{"start":{"line":27,"column":24},"end":{"line":27,"column":35}},{"start":{"line":27,"column":39},"end":{"line":27,"column":69}}],"line":27},"3":{"loc":{"start":{"line":74,"column":64},"end":{"line":74,"column":92}},"type":"binary-expr","locations":[{"start":{"line":74,"column":64},"end":{"line":74,"column":79}},{"start":{"line":74,"column":83},"end":{"line":74,"column":92}}],"line":74},"4":{"loc":{"start":{"line":87,"column":45},"end":{"line":87,"column":86}},"type":"cond-expr","locations":[{"start":{"line":87,"column":60},"end":{"line":87,"column":73}},{"start":{"line":87,"column":76},"end":{"line":87,"column":86}}],"line":87},"5":{"loc":{"start":{"line":90,"column":50},"end":{"line":90,"column":96}},"type":"cond-expr","locations":[{"start":{"line":90,"column":65},"end":{"line":90,"column":81}},{"start":{"line":90,"column":84},"end":{"line":90,"column":96}}],"line":90}},"s":{"0":8,"1":8,"2":8,"3":7,"4":8,"5":1,"6":7,"7":1,"8":1},"f":{"0":8,"1":7,"2":1},"b":{"0":[1,7],"1":[7,0],"2":[7,0],"3":[7,3],"4":[1,6],"5":[1,6]},"_coverageSchema":"1a1c01bbd47fc00a2c39e90264f33305004495a9","hash":"12c70c1ab192adfcb7db42450d67428f362a35c6"}
,"/Users/ajaybeer_sachdeva@uhg.com/Desktop/Conference Meeting Application/redux/store.js": {"path":"/Users/ajaybeer_sachdeva@uhg.com/Desktop/Conference Meeting Application/redux/store.js","statementMap":{"0":{"start":{"line":4,"column":19},"end":{"line":8,"column":2}}},"fnMap":{},"branchMap":{},"s":{"0":5},"f":{},"b":{},"_coverageSchema":"1a1c01bbd47fc00a2c39e90264f33305004495a9","hash":"76e82755266f3233947b28c38bd519dce49b2e7f"}
,"/Users/ajaybeer_sachdeva@uhg.com/Desktop/Conference Meeting Application/redux/slices/userSlice.js": {"path":"/Users/ajaybeer_sachdeva@uhg.com/Desktop/Conference Meeting Application/redux/slices/userSlice.js","statementMap":{"0":{"start":{"line":4,"column":16},"end":{"line":23,"column":2}},"1":{"start":{"line":12,"column":12},"end":{"line":12,"column":43}},"2":{"start":{"line":13,"column":12},"end":{"line":13,"column":45}},"3":{"start":{"line":16,"column":12},"end":{"line":16,"column":28}},"4":{"start":{"line":17,"column":12},"end":{"line":17,"column":29}},"5":{"start":{"line":18,"column":12},"end":{"line":18,"column":45}},"6":{"start":{"line":19,"column":12},"end":{"line":19,"column":44}},"7":{"start":{"line":26,"column":28},"end":{"line":26,"column":45}}},"fnMap":{"0":{"name":"(anonymous_0)","decl":{"start":{"line":11,"column":14},"end":{"line":11,"column":15}},"loc":{"start":{"line":11,"column":30},"end":{"line":14,"column":9}},"line":11},"1":{"name":"(anonymous_1)","decl":{"start":{"line":15,"column":15},"end":{"line":15,"column":16}},"loc":{"start":{"line":15,"column":24},"end":{"line":21,"column":9}},"line":15}},"branchMap":{},"s":{"0":1,"1":6,"2":6,"3":5,"4":5,"5":5,"6":5,"7":1},"f":{"0":6,"1":5},"b":{},"_coverageSchema":"1a1c01bbd47fc00a2c39e90264f33305004495a9","hash":"dce1a9a071d3701ae337cd9d8d457fd78a37b685"}
,"/Users/ajaybeer_sachdeva@uhg.com/Desktop/Conference Meeting Application/screens/BookingScreen.js": {"path":"/Users/ajaybeer_sachdeva@uhg.com/Desktop/Conference Meeting Application/screens/BookingScreen.js","statementMap":{"0":{"start":{"line":19,"column":26},"end":{"line":19,"column":50}},"1":{"start":{"line":20,"column":17},"end":{"line":20,"column":29}},"2":{"start":{"line":23,"column":22},"end":{"line":27,"column":1}},"3":{"start":{"line":24,"column":2},"end":{"line":24,"column":29}},"4":{"start":{"line":24,"column":19},"end":{"line":24,"column":29}},"5":{"start":{"line":25,"column":27},"end":{"line":25,"column":48}},"6":{"start":{"line":26,"column":2},"end":{"line":26,"column":65}},"7":{"start":{"line":30,"column":20},"end":{"line":56,"column":1}},"8":{"start":{"line":31,"column":2},"end":{"line":33,"column":3}},"9":{"start":{"line":32,"column":4},"end":{"line":32,"column":17}},"10":{"start":{"line":35,"column":15},"end":{"line":35,"column":32}},"11":{"start":{"line":38,"column":20},"end":{"line":38,"column":55}},"12":{"start":{"line":39,"column":2},"end":{"line":41,"column":3}},"13":{"start":{"line":40,"column":4},"end":{"line":40,"column":17}},"14":{"start":{"line":43,"column":27},"end":{"line":43,"column":54}},"15":{"start":{"line":46,"column":2},"end":{"line":48,"column":3}},"16":{"start":{"line":47,"column":4},"end":{"line":47,"column":17}},"17":{"start":{"line":51,"column":2},"end":{"line":53,"column":3}},"18":{"start":{"line":52,"column":4},"end":{"line":52,"column":17}},"19":{"start":{"line":55,"column":2},"end":{"line":55,"column":14}},"20":{"start":{"line":60,"column":22},"end":{"line":60,"column":38}},"21":{"start":{"line":61,"column":19},"end":{"line":61,"column":31}},"22":{"start":{"line":62,"column":15},"end":{"line":62,"column":52}},"23":{"start":{"line":62,"column":36},"end":{"line":62,"column":51}},"24":{"start":{"line":64,"column":2},"end":{"line":73,"column":30}},"25":{"start":{"line":65,"column":4},"end":{"line":72,"column":7}},"26":{"start":{"line":75,"column":16},"end":{"line":75,"column":26}},"27":{"start":{"line":76,"column":2},"end":{"line":78,"column":3}},"28":{"start":{"line":77,"column":4},"end":{"line":77,"column":39}},"29":{"start":{"line":80,"column":40},"end":{"line":80,"column":55}},"30":{"start":{"line":81,"column":43},"end":{"line":81,"column":58}},"31":{"start":{"line":83,"column":53},"end":{"line":83,"column":68}},"32":{"start":{"line":84,"column":52},"end":{"line":84,"column":67}},"33":{"start":{"line":85,"column":44},"end":{"line":89,"column":6}},"34":{"start":{"line":86,"column":26},"end":{"line":86,"column":36}},"35":{"start":{"line":87,"column":6},"end":{"line":87,"column":39}},"36":{"start":{"line":88,"column":6},"end":{"line":88,"column":25}},"37":{"start":{"line":91,"column":38},"end":{"line":95,"column":6}},"38":{"start":{"line":92,"column":26},"end":{"line":92,"column":36}},"39":{"start":{"line":93,"column":6},"end":{"line":93,"column":40}},"40":{"start":{"line":94,"column":6},"end":{"line":94,"column":25}},"41":{"start":{"line":97,"column":21},"end":{"line":97,"column":61}},"42":{"start":{"line":98,"column":2},"end":{"line":98,"column":44}},"43":{"start":{"line":101,"column":36},"end":{"line":101,"column":48}},"44":{"start":{"line":102,"column":36},"end":{"line":102,"column":48}},"45":{"start":{"line":103,"column":32},"end":{"line":103,"column":44}},"46":{"start":{"line":104,"column":28},"end":{"line":104,"column":40}},"47":{"start":{"line":105,"column":40},"end":{"line":105,"column":52}},"48":{"start":{"line":106,"column":46},"end":{"line":106,"column":58}},"49":{"start":{"line":107,"column":50},"end":{"line":107,"column":62}},"50":{"start":{"line":110,"column":2},"end":{"line":129,"column":28}},"51":{"start":{"line":111,"column":25},"end":{"line":126,"column":5}},"52":{"start":{"line":112,"column":6},"end":{"line":125,"column":7}},"53":{"start":{"line":113,"column":8},"end":{"line":124,"column":9}},"54":{"start":{"line":114,"column":10},"end":{"line":114,"column":61}},"55":{"start":{"line":115,"column":30},"end":{"line":115,"column":71}},"56":{"start":{"line":116,"column":10},"end":{"line":116,"column":43}},"57":{"start":{"line":118,"column":24},"end":{"line":118,"column":60}},"58":{"start":{"line":119,"column":10},"end":{"line":119,"column":35}},"59":{"start":{"line":121,"column":10},"end":{"line":121,"column":82}},"60":{"start":{"line":123,"column":10},"end":{"line":123,"column":60}},"61":{"start":{"line":128,"column":4},"end":{"line":128,"column":19}},"62":{"start":{"line":131,"column":34},"end":{"line":176,"column":3}},"63":{"start":{"line":132,"column":26},"end":{"line":132,"column":27}},"64":{"start":{"line":133,"column":24},"end":{"line":133,"column":26}},"65":{"start":{"line":134,"column":25},"end":{"line":134,"column":28}},"66":{"start":{"line":136,"column":30},"end":{"line":141,"column":7}},"67":{"start":{"line":136,"column":55},"end":{"line":141,"column":5}},"68":{"start":{"line":143,"column":4},"end":{"line":143,"column":84}},"69":{"start":{"line":143,"column":37},"end":{"line":143,"column":82}},"70":{"start":{"line":145,"column":27},"end":{"line":145,"column":29}},"71":{"start":{"line":146,"column":22},"end":{"line":146,"column":35}},"72":{"start":{"line":148,"column":4},"end":{"line":164,"column":5}},"73":{"start":{"line":149,"column":27},"end":{"line":150,"column":71}},"74":{"start":{"line":151,"column":25},"end":{"line":152,"column":67}},"75":{"start":{"line":154,"column":6},"end":{"line":161,"column":7}},"76":{"start":{"line":155,"column":8},"end":{"line":160,"column":11}},"77":{"start":{"line":163,"column":6},"end":{"line":163,"column":54}},"78":{"start":{"line":166,"column":4},"end":{"line":173,"column":5}},"79":{"start":{"line":167,"column":6},"end":{"line":172,"column":9}},"80":{"start":{"line":175,"column":4},"end":{"line":175,"column":26}},"81":{"start":{"line":178,"column":21},"end":{"line":182,"column":1}},"82":{"start":{"line":179,"column":16},"end":{"line":179,"column":32}},"83":{"start":{"line":180,"column":18},"end":{"line":180,"column":49}},"84":{"start":{"line":181,"column":2},"end":{"line":181,"column":87}},"85":{"start":{"line":184,"column":23},"end":{"line":193,"column":1}},"86":{"start":{"line":185,"column":2},"end":{"line":187,"column":3}},"87":{"start":{"line":186,"column":4},"end":{"line":186,"column":29}},"88":{"start":{"line":189,"column":2},"end":{"line":192,"column":3}},"89":{"start":{"line":190,"column":4},"end":{"line":190,"column":34}},"90":{"start":{"line":191,"column":4},"end":{"line":191,"column":21}},"91":{"start":{"line":195,"column":26},"end":{"line":220,"column":1}},"92":{"start":{"line":196,"column":2},"end":{"line":196,"column":57}},"93":{"start":{"line":198,"column":2},"end":{"line":200,"column":3}},"94":{"start":{"line":199,"column":4},"end":{"line":199,"column":34}},"95":{"start":{"line":202,"column":2},"end":{"line":219,"column":3}},"96":{"start":{"line":203,"column":18},"end":{"line":203,"column":41}},"97":{"start":{"line":204,"column":20},"end":{"line":204,"column":45}},"98":{"start":{"line":206,"column":4},"end":{"line":206,"column":64}},"99":{"start":{"line":209,"column":4},"end":{"line":212,"column":5}},"100":{"start":{"line":210,"column":6},"end":{"line":210,"column":86}},"101":{"start":{"line":211,"column":6},"end":{"line":211,"column":13}},"102":{"start":{"line":214,"column":4},"end":{"line":214,"column":35}},"103":{"start":{"line":215,"column":26},"end":{"line":215,"column":103}},"104":{"start":{"line":216,"column":4},"end":{"line":216,"column":32}},"105":{"start":{"line":218,"column":4},"end":{"line":218,"column":55}},"106":{"start":{"line":222,"column":24},"end":{"line":247,"column":1}},"107":{"start":{"line":223,"column":2},"end":{"line":223,"column":55}},"108":{"start":{"line":225,"column":2},"end":{"line":227,"column":3}},"109":{"start":{"line":226,"column":4},"end":{"line":226,"column":32}},"110":{"start":{"line":229,"column":2},"end":{"line":246,"column":3}},"111":{"start":{"line":230,"column":18},"end":{"line":230,"column":41}},"112":{"start":{"line":231,"column":20},"end":{"line":231,"column":45}},"113":{"start":{"line":233,"column":4},"end":{"line":233,"column":62}},"114":{"start":{"line":236,"column":4},"end":{"line":239,"column":5}},"115":{"start":{"line":237,"column":6},"end":{"line":237,"column":86}},"116":{"start":{"line":238,"column":6},"end":{"line":238,"column":13}},"117":{"start":{"line":241,"column":4},"end":{"line":241,"column":33}},"118":{"start":{"line":242,"column":26},"end":{"line":242,"column":103}},"119":{"start":{"line":243,"column":4},"end":{"line":243,"column":30}},"120":{"start":{"line":245,"column":4},"end":{"line":245,"column":53}},"121":{"start":{"line":249,"column":28},"end":{"line":252,"column":3}},"122":{"start":{"line":250,"column":4},"end":{"line":250,"column":48}},"123":{"start":{"line":251,"column":4},"end":{"line":251,"column":33}},"124":{"start":{"line":254,"column":28},"end":{"line":257,"column":3}},"125":{"start":{"line":255,"column":4},"end":{"line":255,"column":46}},"126":{"start":{"line":256,"column":4},"end":{"line":256,"column":31}},"127":{"start":{"line":259,"column":25},"end":{"line":261,"column":3}},"128":{"start":{"line":260,"column":4},"end":{"line":260,"column":28}},"129":{"start":{"line":264,"column":24},"end":{"line":363,"column":1}},"130":{"start":{"line":265,"column":2},"end":{"line":268,"column":3}},"131":{"start":{"line":266,"column":4},"end":{"line":266,"column":63}},"132":{"start":{"line":267,"column":4},"end":{"line":267,"column":11}},"133":{"start":{"line":271,"column":20},"end":{"line":271,"column":40}},"134":{"start":{"line":272,"column":16},"end":{"line":272,"column":26}},"135":{"start":{"line":273,"column":2},"end":{"line":273,"column":29}},"136":{"start":{"line":276,"column":2},"end":{"line":279,"column":3}},"137":{"start":{"line":277,"column":4},"end":{"line":277,"column":107}},"138":{"start":{"line":278,"column":4},"end":{"line":278,"column":11}},"139":{"start":{"line":282,"column":18},"end":{"line":282,"column":66}},"140":{"start":{"line":283,"column":2},"end":{"line":286,"column":3}},"141":{"start":{"line":284,"column":4},"end":{"line":284,"column":84}},"142":{"start":{"line":285,"column":4},"end":{"line":285,"column":11}},"143":{"start":{"line":288,"column":2},"end":{"line":291,"column":3}},"144":{"start":{"line":289,"column":4},"end":{"line":289,"column":75}},"145":{"start":{"line":290,"column":4},"end":{"line":290,"column":11}},"146":{"start":{"line":293,"column":2},"end":{"line":296,"column":3}},"147":{"start":{"line":294,"column":4},"end":{"line":294,"column":75}},"148":{"start":{"line":295,"column":4},"end":{"line":295,"column":11}},"149":{"start":{"line":298,"column":2},"end":{"line":301,"column":3}},"150":{"start":{"line":299,"column":4},"end":{"line":299,"column":73}},"151":{"start":{"line":300,"column":4},"end":{"line":300,"column":11}},"152":{"start":{"line":304,"column":30},"end":{"line":304,"column":54}},"153":{"start":{"line":305,"column":28},"end":{"line":305,"column":50}},"154":{"start":{"line":308,"column":18},"end":{"line":308,"column":67}},"155":{"start":{"line":310,"column":2},"end":{"line":326,"column":3}},"156":{"start":{"line":311,"column":24},"end":{"line":311,"column":34}},"157":{"start":{"line":312,"column":24},"end":{"line":312,"column":46}},"158":{"start":{"line":313,"column":26},"end":{"line":313,"column":50}},"159":{"start":{"line":314,"column":37},"end":{"line":314,"column":79}},"160":{"start":{"line":315,"column":33},"end":{"line":315,"column":73}},"161":{"start":{"line":317,"column":4},"end":{"line":320,"column":5}},"162":{"start":{"line":318,"column":6},"end":{"line":318,"column":79}},"163":{"start":{"line":319,"column":6},"end":{"line":319,"column":13}},"164":{"start":{"line":322,"column":4},"end":{"line":325,"column":5}},"165":{"start":{"line":323,"column":6},"end":{"line":323,"column":61}},"166":{"start":{"line":324,"column":6},"end":{"line":324,"column":13}},"167":{"start":{"line":328,"column":24},"end":{"line":328,"column":65}},"168":{"start":{"line":329,"column":22},"end":{"line":329,"column":61}},"169":{"start":{"line":331,"column":2},"end":{"line":334,"column":3}},"170":{"start":{"line":332,"column":4},"end":{"line":332,"column":62}},"171":{"start":{"line":333,"column":4},"end":{"line":333,"column":11}},"172":{"start":{"line":336,"column":2},"end":{"line":362,"column":3}},"173":{"start":{"line":337,"column":24},"end":{"line":346,"column":5}},"174":{"start":{"line":348,"column":4},"end":{"line":348,"column":53}},"175":{"start":{"line":350,"column":4},"end":{"line":350,"column":37}},"176":{"start":{"line":352,"column":4},"end":{"line":356,"column":6}},"177":{"start":{"line":355,"column":36},"end":{"line":355,"column":55}},"178":{"start":{"line":358,"column":4},"end":{"line":358,"column":50}},"179":{"start":{"line":361,"column":4},"end":{"line":361,"column":49}},"180":{"start":{"line":366,"column":33},"end":{"line":372,"column":3}},"181":{"start":{"line":367,"column":4},"end":{"line":371,"column":8}},"182":{"start":{"line":367,"column":44},"end":{"line":371,"column":5}},"183":{"start":{"line":374,"column":2},"end":{"line":599,"column":4}},"184":{"start":{"line":422,"column":72},"end":{"line":422,"column":96}},"185":{"start":{"line":437,"column":12},"end":{"line":442,"column":19}},"186":{"start":{"line":452,"column":14},"end":{"line":455,"column":21}},"187":{"start":{"line":491,"column":28},"end":{"line":491,"column":38}},"188":{"start":{"line":492,"column":12},"end":{"line":492,"column":41}},"189":{"start":{"line":493,"column":12},"end":{"line":493,"column":27}},"190":{"start":{"line":496,"column":28},"end":{"line":496,"column":38}},"191":{"start":{"line":497,"column":12},"end":{"line":497,"column":42}},"192":{"start":{"line":498,"column":12},"end":{"line":498,"column":27}},"193":{"start":{"line":505,"column":72},"end":{"line":505,"column":101}},"194":{"start":{"line":538,"column":28},"end":{"line":538,"column":38}},"195":{"start":{"line":539,"column":12},"end":{"line":539,"column":41}},"196":{"start":{"line":540,"column":12},"end":{"line":540,"column":27}},"197":{"start":{"line":543,"column":28},"end":{"line":543,"column":38}},"198":{"start":{"line":544,"column":12},"end":{"line":544,"column":42}},"199":{"start":{"line":545,"column":12},"end":{"line":545,"column":27}},"200":{"start":{"line":552,"column":72},"end":{"line":552,"column":99}},"201":{"start":{"line":589,"column":32},"end":{"line":592,"column":11}},"202":{"start":{"line":604,"column":15},"end":{"line":865,"column":2}}},"fnMap":{"0":{"name":"(anonymous_0)","decl":{"start":{"line":23,"column":22},"end":{"line":23,"column":23}},"loc":{"start":{"line":23,"column":38},"end":{"line":27,"column":1}},"line":23},"1":{"name":"(anonymous_1)","decl":{"start":{"line":30,"column":20},"end":{"line":30,"column":21}},"loc":{"start":{"line":30,"column":36},"end":{"line":56,"column":1}},"line":30},"2":{"name":"BookingScreen","decl":{"start":{"line":59,"column":9},"end":{"line":59,"column":22}},"loc":{"start":{"line":59,"column":46},"end":{"line":600,"column":1}},"line":59},"3":{"name":"(anonymous_3)","decl":{"start":{"line":62,"column":27},"end":{"line":62,"column":28}},"loc":{"start":{"line":62,"column":36},"end":{"line":62,"column":51}},"line":62},"4":{"name":"(anonymous_4)","decl":{"start":{"line":64,"column":18},"end":{"line":64,"column":19}},"loc":{"start":{"line":64,"column":24},"end":{"line":73,"column":3}},"line":64},"5":{"name":"(anonymous_5)","decl":{"start":{"line":85,"column":53},"end":{"line":85,"column":54}},"loc":{"start":{"line":85,"column":59},"end":{"line":89,"column":5}},"line":85},"6":{"name":"(anonymous_6)","decl":{"start":{"line":91,"column":47},"end":{"line":91,"column":48}},"loc":{"start":{"line":91,"column":53},"end":{"line":95,"column":5}},"line":91},"7":{"name":"(anonymous_7)","decl":{"start":{"line":110,"column":12},"end":{"line":110,"column":13}},"loc":{"start":{"line":110,"column":18},"end":{"line":129,"column":3}},"line":110},"8":{"name":"(anonymous_8)","decl":{"start":{"line":111,"column":25},"end":{"line":111,"column":26}},"loc":{"start":{"line":111,"column":37},"end":{"line":126,"column":5}},"line":111},"9":{"name":"(anonymous_9)","decl":{"start":{"line":131,"column":34},"end":{"line":131,"column":35}},"loc":{"start":{"line":131,"column":48},"end":{"line":176,"column":3}},"line":131},"10":{"name":"(anonymous_10)","decl":{"start":{"line":136,"column":43},"end":{"line":136,"column":44}},"loc":{"start":{"line":136,"column":55},"end":{"line":141,"column":5}},"line":136},"11":{"name":"(anonymous_11)","decl":{"start":{"line":143,"column":27},"end":{"line":143,"column":28}},"loc":{"start":{"line":143,"column":37},"end":{"line":143,"column":82}},"line":143},"12":{"name":"(anonymous_12)","decl":{"start":{"line":178,"column":21},"end":{"line":178,"column":22}},"loc":{"start":{"line":178,"column":31},"end":{"line":182,"column":1}},"line":178},"13":{"name":"(anonymous_13)","decl":{"start":{"line":184,"column":23},"end":{"line":184,"column":24}},"loc":{"start":{"line":184,"column":48},"end":{"line":193,"column":1}},"line":184},"14":{"name":"(anonymous_14)","decl":{"start":{"line":195,"column":26},"end":{"line":195,"column":27}},"loc":{"start":{"line":195,"column":51},"end":{"line":220,"column":1}},"line":195},"15":{"name":"(anonymous_15)","decl":{"start":{"line":222,"column":24},"end":{"line":222,"column":25}},"loc":{"start":{"line":222,"column":49},"end":{"line":247,"column":1}},"line":222},"16":{"name":"(anonymous_16)","decl":{"start":{"line":249,"column":28},"end":{"line":249,"column":29}},"loc":{"start":{"line":249,"column":34},"end":{"line":252,"column":3}},"line":249},"17":{"name":"(anonymous_17)","decl":{"start":{"line":254,"column":28},"end":{"line":254,"column":29}},"loc":{"start":{"line":254,"column":34},"end":{"line":257,"column":3}},"line":254},"18":{"name":"(anonymous_18)","decl":{"start":{"line":259,"column":25},"end":{"line":259,"column":26}},"loc":{"start":{"line":259,"column":31},"end":{"line":261,"column":3}},"line":259},"19":{"name":"(anonymous_19)","decl":{"start":{"line":264,"column":24},"end":{"line":264,"column":25}},"loc":{"start":{"line":264,"column":36},"end":{"line":363,"column":1}},"line":264},"20":{"name":"(anonymous_20)","decl":{"start":{"line":355,"column":30},"end":{"line":355,"column":31}},"loc":{"start":{"line":355,"column":36},"end":{"line":355,"column":55}},"line":355},"21":{"name":"(anonymous_21)","decl":{"start":{"line":366,"column":33},"end":{"line":366,"column":34}},"loc":{"start":{"line":366,"column":39},"end":{"line":372,"column":3}},"line":366},"22":{"name":"(anonymous_22)","decl":{"start":{"line":367,"column":32},"end":{"line":367,"column":33}},"loc":{"start":{"line":367,"column":44},"end":{"line":371,"column":5}},"line":367},"23":{"name":"(anonymous_23)","decl":{"start":{"line":422,"column":66},"end":{"line":422,"column":67}},"loc":{"start":{"line":422,"column":72},"end":{"line":422,"column":96}},"line":422},"24":{"name":"(anonymous_24)","decl":{"start":{"line":436,"column":29},"end":{"line":436,"column":30}},"loc":{"start":{"line":437,"column":12},"end":{"line":442,"column":19}},"line":437},"25":{"name":"(anonymous_25)","decl":{"start":{"line":451,"column":42},"end":{"line":451,"column":43}},"loc":{"start":{"line":452,"column":14},"end":{"line":455,"column":21}},"line":452},"26":{"name":"(anonymous_26)","decl":{"start":{"line":490,"column":24},"end":{"line":490,"column":25}},"loc":{"start":{"line":490,"column":30},"end":{"line":494,"column":11}},"line":490},"27":{"name":"(anonymous_27)","decl":{"start":{"line":495,"column":24},"end":{"line":495,"column":25}},"loc":{"start":{"line":495,"column":30},"end":{"line":499,"column":11}},"line":495},"28":{"name":"(anonymous_28)","decl":{"start":{"line":505,"column":66},"end":{"line":505,"column":67}},"loc":{"start":{"line":505,"column":72},"end":{"line":505,"column":101}},"line":505},"29":{"name":"(anonymous_29)","decl":{"start":{"line":537,"column":24},"end":{"line":537,"column":25}},"loc":{"start":{"line":537,"column":30},"end":{"line":541,"column":11}},"line":537},"30":{"name":"(anonymous_30)","decl":{"start":{"line":542,"column":24},"end":{"line":542,"column":25}},"loc":{"start":{"line":542,"column":30},"end":{"line":546,"column":11}},"line":542},"31":{"name":"(anonymous_31)","decl":{"start":{"line":552,"column":66},"end":{"line":552,"column":67}},"loc":{"start":{"line":552,"column":72},"end":{"line":552,"column":99}},"line":552},"32":{"name":"(anonymous_32)","decl":{"start":{"line":589,"column":17},"end":{"line":589,"column":18}},"loc":{"start":{"line":589,"column":32},"end":{"line":592,"column":11}},"line":589}},"branchMap":{"0":{"loc":{"start":{"line":24,"column":2},"end":{"line":24,"column":29}},"type":"if","locations":[{"start":{"line":24,"column":2},"end":{"line":24,"column":29}},{"start":{},"end":{}}],"line":24},"1":{"loc":{"start":{"line":31,"column":2},"end":{"line":33,"column":3}},"type":"if","locations":[{"start":{"line":31,"column":2},"end":{"line":33,"column":3}},{"start":{},"end":{}}],"line":31},"2":{"loc":{"start":{"line":31,"column":6},"end":{"line":31,"column":39}},"type":"binary-expr","locations":[{"start":{"line":31,"column":6},"end":{"line":31,"column":17}},{"start":{"line":31,"column":21},"end":{"line":31,"column":39}}],"line":31},"3":{"loc":{"start":{"line":39,"column":2},"end":{"line":41,"column":3}},"type":"if","locations":[{"start":{"line":39,"column":2},"end":{"line":41,"column":3}},{"start":{},"end":{}}],"line":39},"4":{"loc":{"start":{"line":46,"column":2},"end":{"line":48,"column":3}},"type":"if","locations":[{"start":{"line":46,"column":2},"end":{"line":48,"column":3}},{"start":{},"end":{}}],"line":46},"5":{"loc":{"start":{"line":46,"column":6},"end":{"line":46,"column":60}},"type":"binary-expr","locations":[{"start":{"line":46,"column":6},"end":{"line":46,"column":15}},{"start":{"line":46,"column":19},"end":{"line":46,"column":29}},{"start":{"line":46,"column":33},"end":{"line":46,"column":44}},{"start":{"line":46,"column":48},"end":{"line":46,"column":60}}],"line":46},"6":{"loc":{"start":{"line":51,"column":2},"end":{"line":53,"column":3}},"type":"if","locations":[{"start":{"line":51,"column":2},"end":{"line":53,"column":3}},{"start":{},"end":{}}],"line":51},"7":{"loc":{"start":{"line":51,"column":6},"end":{"line":51,"column":29}},"type":"binary-expr","locations":[{"start":{"line":51,"column":6},"end":{"line":51,"column":15}},{"start":{"line":51,"column":19},"end":{"line":51,"column":29}}],"line":51},"8":{"loc":{"start":{"line":76,"column":2},"end":{"line":78,"column":3}},"type":"if","locations":[{"start":{"line":76,"column":2},"end":{"line":78,"column":3}},{"start":{},"end":{}}],"line":76},"9":{"loc":{"start":{"line":112,"column":6},"end":{"line":125,"column":7}},"type":"if","locations":[{"start":{"line":112,"column":6},"end":{"line":125,"column":7}},{"start":{},"end":{}}],"line":112},"10":{"loc":{"start":{"line":154,"column":6},"end":{"line":161,"column":7}},"type":"if","locations":[{"start":{"line":154,"column":6},"end":{"line":161,"column":7}},{"start":{},"end":{}}],"line":154},"11":{"loc":{"start":{"line":166,"column":4},"end":{"line":173,"column":5}},"type":"if","locations":[{"start":{"line":166,"column":4},"end":{"line":173,"column":5}},{"start":{},"end":{}}],"line":166},"12":{"loc":{"start":{"line":185,"column":2},"end":{"line":187,"column":3}},"type":"if","locations":[{"start":{"line":185,"column":2},"end":{"line":187,"column":3}},{"start":{},"end":{}}],"line":185},"13":{"loc":{"start":{"line":189,"column":2},"end":{"line":192,"column":3}},"type":"if","locations":[{"start":{"line":189,"column":2},"end":{"line":192,"column":3}},{"start":{},"end":{}}],"line":189},"14":{"loc":{"start":{"line":198,"column":2},"end":{"line":200,"column":3}},"type":"if","locations":[{"start":{"line":198,"column":2},"end":{"line":200,"column":3}},{"start":{},"end":{}}],"line":198},"15":{"loc":{"start":{"line":202,"column":2},"end":{"line":219,"column":3}},"type":"if","locations":[{"start":{"line":202,"column":2},"end":{"line":219,"column":3}},{"start":{},"end":{}}],"line":202},"16":{"loc":{"start":{"line":202,"column":6},"end":{"line":202,"column":48}},"type":"binary-expr","locations":[{"start":{"line":202,"column":6},"end":{"line":202,"column":18}},{"start":{"line":202,"column":22},"end":{"line":202,"column":48}}],"line":202},"17":{"loc":{"start":{"line":209,"column":4},"end":{"line":212,"column":5}},"type":"if","locations":[{"start":{"line":209,"column":4},"end":{"line":212,"column":5}},{"start":{},"end":{}}],"line":209},"18":{"loc":{"start":{"line":209,"column":8},"end":{"line":209,"column":31}},"type":"binary-expr","locations":[{"start":{"line":209,"column":8},"end":{"line":209,"column":17}},{"start":{"line":209,"column":21},"end":{"line":209,"column":31}}],"line":209},"19":{"loc":{"start":{"line":225,"column":2},"end":{"line":227,"column":3}},"type":"if","locations":[{"start":{"line":225,"column":2},"end":{"line":227,"column":3}},{"start":{},"end":{}}],"line":225},"20":{"loc":{"start":{"line":229,"column":2},"end":{"line":246,"column":3}},"type":"if","locations":[{"start":{"line":229,"column":2},"end":{"line":246,"column":3}},{"start":{},"end":{}}],"line":229},"21":{"loc":{"start":{"line":229,"column":6},"end":{"line":229,"column":48}},"type":"binary-expr","locations":[{"start":{"line":229,"column":6},"end":{"line":229,"column":18}},{"start":{"line":229,"column":22},"end":{"line":229,"column":48}}],"line":229},"22":{"loc":{"start":{"line":236,"column":4},"end":{"line":239,"column":5}},"type":"if","locations":[{"start":{"line":236,"column":4},"end":{"line":239,"column":5}},{"start":{},"end":{}}],"line":236},"23":{"loc":{"start":{"line":236,"column":8},"end":{"line":236,"column":31}},"type":"binary-expr","locations":[{"start":{"line":236,"column":8},"end":{"line":236,"column":17}},{"start":{"line":236,"column":21},"end":{"line":236,"column":31}}],"line":236},"24":{"loc":{"start":{"line":265,"column":2},"end":{"line":268,"column":3}},"type":"if","locations":[{"start":{"line":265,"column":2},"end":{"line":268,"column":3}},{"start":{},"end":{}}],"line":265},"25":{"loc":{"start":{"line":265,"column":6},"end":{"line":265,"column":53}},"type":"binary-expr","locations":[{"start":{"line":265,"column":6},"end":{"line":265,"column":17}},{"start":{"line":265,"column":21},"end":{"line":265,"column":31}},{"start":{"line":265,"column":35},"end":{"line":265,"column":43}},{"start":{"line":265,"column":47},"end":{"line":265,"column":53}}],"line":265},"26":{"loc":{"start":{"line":276,"column":2},"end":{"line":279,"column":3}},"type":"if","locations":[{"start":{"line":276,"column":2},"end":{"line":279,"column":3}},{"start":{},"end":{}}],"line":276},"27":{"loc":{"start":{"line":283,"column":2},"end":{"line":286,"column":3}},"type":"if","locations":[{"start":{"line":283,"column":2},"end":{"line":286,"column":3}},{"start":{},"end":{}}],"line":283},"28":{"loc":{"start":{"line":288,"column":2},"end":{"line":291,"column":3}},"type":"if","locations":[{"start":{"line":288,"column":2},"end":{"line":291,"column":3}},{"start":{},"end":{}}],"line":288},"29":{"loc":{"start":{"line":293,"column":2},"end":{"line":296,"column":3}},"type":"if","locations":[{"start":{"line":293,"column":2},"end":{"line":296,"column":3}},{"start":{},"end":{}}],"line":293},"30":{"loc":{"start":{"line":298,"column":2},"end":{"line":301,"column":3}},"type":"if","locations":[{"start":{"line":298,"column":2},"end":{"line":301,"column":3}},{"start":{},"end":{}}],"line":298},"31":{"loc":{"start":{"line":310,"column":2},"end":{"line":326,"column":3}},"type":"if","locations":[{"start":{"line":310,"column":2},"end":{"line":326,"column":3}},{"start":{},"end":{}}],"line":310},"32":{"loc":{"start":{"line":317,"column":4},"end":{"line":320,"column":5}},"type":"if","locations":[{"start":{"line":317,"column":4},"end":{"line":320,"column":5}},{"start":{},"end":{}}],"line":317},"33":{"loc":{"start":{"line":317,"column":8},"end":{"line":317,"column":94}},"type":"binary-expr","locations":[{"start":{"line":317,"column":8},"end":{"line":317,"column":31}},{"start":{"line":317,"column":36},"end":{"line":317,"column":61}},{"start":{"line":317,"column":65},"end":{"line":317,"column":93}}],"line":317},"34":{"loc":{"start":{"line":322,"column":4},"end":{"line":325,"column":5}},"type":"if","locations":[{"start":{"line":322,"column":4},"end":{"line":325,"column":5}},{"start":{},"end":{}}],"line":322},"35":{"loc":{"start":{"line":322,"column":8},"end":{"line":322,"column":88}},"type":"binary-expr","locations":[{"start":{"line":322,"column":8},"end":{"line":322,"column":29}},{"start":{"line":322,"column":34},"end":{"line":322,"column":57}},{"start":{"line":322,"column":61},"end":{"line":322,"column":87}}],"line":322},"36":{"loc":{"start":{"line":331,"column":2},"end":{"line":334,"column":3}},"type":"if","locations":[{"start":{"line":331,"column":2},"end":{"line":334,"column":3}},{"start":{},"end":{}}],"line":331},"37":{"loc":{"start":{"line":408,"column":9},"end":{"line":419,"column":9}},"type":"binary-expr","locations":[{"start":{"line":408,"column":9},"end":{"line":408,"column":23}},{"start":{"line":409,"column":10},"end":{"line":418,"column":17}}],"line":408},"38":{"loc":{"start":{"line":413,"column":21},"end":{"line":413,"column":66}},"type":"cond-expr","locations":[{"start":{"line":413,"column":45},"end":{"line":413,"column":54}},{"start":{"line":413,"column":57},"end":{"line":413,"column":66}}],"line":413},"39":{"loc":{"start":{"line":421,"column":9},"end":{"line":425,"column":9}},"type":"binary-expr","locations":[{"start":{"line":421,"column":9},"end":{"line":421,"column":30}},{"start":{"line":421,"column":34},"end":{"line":421,"column":48}},{"start":{"line":422,"column":10},"end":{"line":424,"column":22}}],"line":421},"40":{"loc":{"start":{"line":427,"column":9},"end":{"line":429,"column":16}},"type":"cond-expr","locations":[{"start":{"line":428,"column":10},"end":{"line":428,"column":59}},{"start":{"line":429,"column":12},"end":{"line":429,"column":16}}],"line":427},"41":{"loc":{"start":{"line":435,"column":9},"end":{"line":446,"column":9}},"type":"cond-expr","locations":[{"start":{"line":436,"column":10},"end":{"line":443,"column":12}},{"start":{"line":445,"column":10},"end":{"line":445,"column":82}}],"line":435},"42":{"loc":{"start":{"line":448,"column":9},"end":{"line":458,"column":9}},"type":"binary-expr","locations":[{"start":{"line":448,"column":9},"end":{"line":448,"column":36}},{"start":{"line":449,"column":10},"end":{"line":457,"column":13}}],"line":448},"43":{"loc":{"start":{"line":478,"column":9},"end":{"line":502,"column":7}},"type":"binary-expr","locations":[{"start":{"line":478,"column":9},"end":{"line":478,"column":28}},{"start":{"line":479,"column":10},"end":{"line":501,"column":15}}],"line":478},"44":{"loc":{"start":{"line":482,"column":17},"end":{"line":482,"column":37}},"type":"cond-expr","locations":[{"start":{"line":482,"column":28},"end":{"line":482,"column":31}},{"start":{"line":482,"column":34},"end":{"line":482,"column":37}}],"line":482},"45":{"loc":{"start":{"line":483,"column":18},"end":{"line":483,"column":38}},"type":"cond-expr","locations":[{"start":{"line":483,"column":29},"end":{"line":483,"column":32}},{"start":{"line":483,"column":35},"end":{"line":483,"column":38}}],"line":483},"46":{"loc":{"start":{"line":504,"column":9},"end":{"line":508,"column":9}},"type":"binary-expr","locations":[{"start":{"line":504,"column":9},"end":{"line":504,"column":30}},{"start":{"line":504,"column":34},"end":{"line":504,"column":53}},{"start":{"line":505,"column":10},"end":{"line":507,"column":22}}],"line":504},"47":{"loc":{"start":{"line":525,"column":9},"end":{"line":549,"column":7}},"type":"binary-expr","locations":[{"start":{"line":525,"column":9},"end":{"line":525,"column":26}},{"start":{"line":526,"column":10},"end":{"line":548,"column":15}}],"line":525},"48":{"loc":{"start":{"line":529,"column":17},"end":{"line":529,"column":37}},"type":"cond-expr","locations":[{"start":{"line":529,"column":28},"end":{"line":529,"column":31}},{"start":{"line":529,"column":34},"end":{"line":529,"column":37}}],"line":529},"49":{"loc":{"start":{"line":530,"column":18},"end":{"line":530,"column":38}},"type":"cond-expr","locations":[{"start":{"line":530,"column":29},"end":{"line":530,"column":32}},{"start":{"line":530,"column":35},"end":{"line":530,"column":38}}],"line":530},"50":{"loc":{"start":{"line":551,"column":9},"end":{"line":555,"column":9}},"type":"binary-expr","locations":[{"start":{"line":551,"column":9},"end":{"line":551,"column":30}},{"start":{"line":551,"column":34},"end":{"line":551,"column":51}},{"start":{"line":552,"column":10},"end":{"line":554,"column":22}}],"line":551},"51":{"loc":{"start":{"line":581,"column":8},"end":{"line":581,"column":66}},"type":"binary-expr","locations":[{"start":{"line":581,"column":8},"end":{"line":581,"column":32}},{"start":{"line":581,"column":36},"end":{"line":581,"column":66}}],"line":581},"52":{"loc":{"start":{"line":582,"column":8},"end":{"line":582,"column":65}},"type":"binary-expr","locations":[{"start":{"line":582,"column":8},"end":{"line":582,"column":32}},{"start":{"line":582,"column":36},"end":{"line":582,"column":65}}],"line":582},"53":{"loc":{"start":{"line":591,"column":12},"end":{"line":591,"column":37}},"type":"binary-expr","locations":[{"start":{"line":591,"column":12},"end":{"line":591,"column":19}},{"start":{"line":591,"column":23},"end":{"line":591,"column":37}}],"line":591}},"s":{"0":1,"1":1,"2":1,"3":15,"4":2,"5":13,"6":13,"7":1,"8":25,"9":3,"10":22,"11":22,"12":22,"13":7,"14":15,"15":15,"16":0,"17":15,"18":2,"19":13,"20":112,"21":112,"22":112,"23":0,"24":112,"25":16,"26":112,"27":112,"28":0,"29":112,"30":112,"31":112,"32":112,"33":112,"34":16,"35":16,"36":16,"37":112,"38":16,"39":16,"40":16,"41":112,"42":112,"43":112,"44":112,"45":112,"46":112,"47":112,"48":112,"49":112,"50":112,"51":22,"52":22,"53":22,"54":22,"55":22,"56":22,"57":22,"58":22,"59":22,"60":0,"61":22,"62":112,"63":22,"64":22,"65":22,"66":22,"67":2,"68":22,"69":0,"70":22,"71":22,"72":22,"73":2,"74":2,"75":2,"76":1,"77":2,"78":22,"79":21,"80":22,"81":112,"82":44,"83":44,"84":44,"85":112,"86":6,"87":6,"88":6,"89":6,"90":6,"91":112,"92":7,"93":7,"94":7,"95":7,"96":7,"97":7,"98":7,"99":7,"100":0,"101":0,"102":7,"103":7,"104":7,"105":7,"106":112,"107":7,"108":7,"109":7,"110":7,"111":7,"112":7,"113":7,"114":7,"115":0,"116":0,"117":7,"118":7,"119":7,"120":7,"121":112,"122":8,"123":8,"124":112,"125":7,"126":7,"127":112,"128":6,"129":112,"130":7,"131":1,"132":1,"133":6,"134":6,"135":6,"136":6,"137":0,"138":0,"139":6,"140":6,"141":0,"142":0,"143":6,"144":1,"145":1,"146":5,"147":0,"148":0,"149":5,"150":0,"151":0,"152":5,"153":5,"154":5,"155":5,"156":1,"157":1,"158":1,"159":1,"160":1,"161":1,"162":1,"163":1,"164":0,"165":0,"166":0,"167":4,"168":4,"169":4,"170":1,"171":1,"172":3,"173":3,"174":3,"175":3,"176":2,"177":1,"178":2,"179":1,"180":112,"181":4,"182":4,"183":112,"184":0,"185":28,"186":4,"187":10,"188":10,"189":10,"190":10,"191":10,"192":10,"193":0,"194":7,"195":7,"196":7,"197":7,"198":7,"199":7,"200":0,"201":106,"202":1},"f":{"0":15,"1":25,"2":112,"3":0,"4":16,"5":16,"6":16,"7":22,"8":22,"9":22,"10":2,"11":0,"12":44,"13":6,"14":7,"15":7,"16":8,"17":7,"18":6,"19":7,"20":1,"21":4,"22":4,"23":0,"24":28,"25":4,"26":10,"27":10,"28":0,"29":7,"30":7,"31":0,"32":106},"b":{"0":[2,13],"1":[3,22],"2":[25,23],"3":[7,15],"4":[0,15],"5":[15,15,15,15],"6":[2,13],"7":[15,14],"8":[0,112],"9":[22,0],"10":[1,1],"11":[21,1],"12":[6,0],"13":[6,0],"14":[7,0],"15":[7,0],"16":[7,7],"17":[0,7],"18":[7,7],"19":[7,0],"20":[7,0],"21":[7,7],"22":[0,7],"23":[7,7],"24":[1,6],"25":[7,7,6,6],"26":[0,6],"27":[0,6],"28":[1,5],"29":[0,5],"30":[0,5],"31":[1,4],"32":[1,0],"33":[1,0,0],"34":[0,0],"35":[0,0,0],"36":[1,3],"37":[112,6],"38":[0,6],"39":[112,4,0],"40":[0,112],"41":[27,85],"42":[112,4],"43":[112,10],"44":[0,10],"45":[0,10],"46":[112,4,3],"47":[112,7],"48":[0,7],"49":[0,7],"50":[112,4,0],"51":[112,9],"52":[112,8],"53":[106,0]},"_coverageSchema":"1a1c01bbd47fc00a2c39e90264f33305004495a9","hash":"85f9c8b88d40c0f498208f37816db7ecb4fa34c7"}
,"/Users/ajaybeer_sachdeva@uhg.com/Desktop/Conference Meeting Application/screens/LoginScreen.js": {"path":"/Users/ajaybeer_sachdeva@uhg.com/Desktop/Conference Meeting Application/screens/LoginScreen.js","statementMap":{"0":{"start":{"line":21,"column":20},"end":{"line":21,"column":36}},"1":{"start":{"line":22,"column":19},"end":{"line":22,"column":32}},"2":{"start":{"line":23,"column":21},"end":{"line":23,"column":36}},"3":{"start":{"line":24,"column":28},"end":{"line":24,"column":40}},"4":{"start":{"line":25,"column":34},"end":{"line":25,"column":46}},"5":{"start":{"line":26,"column":50},"end":{"line":26,"column":65}},"6":{"start":{"line":28,"column":2},"end":{"line":36,"column":19}},"7":{"start":{"line":29,"column":4},"end":{"line":35,"column":7}},"8":{"start":{"line":38,"column":22},"end":{"line":56,"column":3}},"9":{"start":{"line":39,"column":4},"end":{"line":39,"column":30}},"10":{"start":{"line":40,"column":4},"end":{"line":54,"column":5}},"11":{"start":{"line":41,"column":17},"end":{"line":41,"column":55}},"12":{"start":{"line":42,"column":6},"end":{"line":50,"column":7}},"13":{"start":{"line":43,"column":8},"end":{"line":43,"column":61}},"14":{"start":{"line":44,"column":8},"end":{"line":44,"column":64}},"15":{"start":{"line":45,"column":8},"end":{"line":45,"column":55}},"16":{"start":{"line":46,"column":8},"end":{"line":46,"column":63}},"17":{"start":{"line":49,"column":8},"end":{"line":49,"column":57}},"18":{"start":{"line":52,"column":6},"end":{"line":52,"column":42}},"19":{"start":{"line":53,"column":6},"end":{"line":53,"column":61}},"20":{"start":{"line":55,"column":4},"end":{"line":55,"column":31}},"21":{"start":{"line":58,"column":2},"end":{"line":60,"column":3}},"22":{"start":{"line":59,"column":4},"end":{"line":59,"column":27}},"23":{"start":{"line":62,"column":2},"end":{"line":102,"column":4}},"24":{"start":{"line":95,"column":23},"end":{"line":95,"column":53}},"25":{"start":{"line":105,"column":15},"end":{"line":169,"column":2}}},"fnMap":{"0":{"name":"LoginScreen","decl":{"start":{"line":20,"column":9},"end":{"line":20,"column":20}},"loc":{"start":{"line":20,"column":23},"end":{"line":103,"column":1}},"line":20},"1":{"name":"(anonymous_1)","decl":{"start":{"line":28,"column":18},"end":{"line":28,"column":19}},"loc":{"start":{"line":28,"column":24},"end":{"line":36,"column":3}},"line":28},"2":{"name":"(anonymous_2)","decl":{"start":{"line":38,"column":22},"end":{"line":38,"column":23}},"loc":{"start":{"line":38,"column":34},"end":{"line":56,"column":3}},"line":38},"3":{"name":"(anonymous_3)","decl":{"start":{"line":95,"column":17},"end":{"line":95,"column":18}},"loc":{"start":{"line":95,"column":23},"end":{"line":95,"column":53}},"line":95}},"branchMap":{"0":{"loc":{"start":{"line":42,"column":6},"end":{"line":50,"column":7}},"type":"if","locations":[{"start":{"line":42,"column":6},"end":{"line":50,"column":7}},{"start":{"line":48,"column":10},"end":{"line":50,"column":7}}],"line":42},"1":{"loc":{"start":{"line":58,"column":2},"end":{"line":60,"column":3}},"type":"if","locations":[{"start":{"line":58,"column":2},"end":{"line":60,"column":3}},{"start":{},"end":{}}],"line":58},"2":{"loc":{"start":{"line":71,"column":30},"end":{"line":71,"column":66}},"type":"binary-expr","locations":[{"start":{"line":71,"column":30},"end":{"line":71,"column":41}},{"start":{"line":71,"column":45},"end":{"line":71,"column":66}}],"line":71},"3":{"loc":{"start":{"line":81,"column":30},"end":{"line":81,"column":66}},"type":"binary-expr","locations":[{"start":{"line":81,"column":30},"end":{"line":81,"column":41}},{"start":{"line":81,"column":45},"end":{"line":81,"column":66}}],"line":81},"4":{"loc":{"start":{"line":89,"column":52},"end":{"line":89,"column":94}},"type":"binary-expr","locations":[{"start":{"line":89,"column":52},"end":{"line":89,"column":63}},{"start":{"line":89,"column":67},"end":{"line":89,"column":94}}],"line":89}},"s":{"0":21,"1":21,"2":21,"3":21,"4":21,"5":21,"6":21,"7":6,"8":21,"9":4,"10":4,"11":4,"12":2,"13":1,"14":1,"15":1,"16":1,"17":1,"18":1,"19":1,"20":3,"21":21,"22":4,"23":17,"24":1,"25":1},"f":{"0":21,"1":6,"2":4,"3":1},"b":{"0":[1,1],"1":[4,17],"2":[17,0],"3":[17,0],"4":[17,0]},"_coverageSchema":"1a1c01bbd47fc00a2c39e90264f33305004495a9","hash":"5bacf70d56509cc754d1c6ee188a03cce185ab77"}
,"/Users/ajaybeer_sachdeva@uhg.com/Desktop/Conference Meeting Application/screens/MyBookingsScreen.js": {"path":"/Users/ajaybeer_sachdeva@uhg.com/Desktop/Conference Meeting Application/screens/MyBookingsScreen.js","statementMap":{"0":{"start":{"line":10,"column":21},"end":{"line":10,"column":36}},"1":{"start":{"line":11,"column":17},"end":{"line":11,"column":54}},"2":{"start":{"line":11,"column":38},"end":{"line":11,"column":53}},"3":{"start":{"line":12,"column":40},"end":{"line":12,"column":52}},"4":{"start":{"line":13,"column":34},"end":{"line":13,"column":48}},"5":{"start":{"line":15,"column":4},"end":{"line":24,"column":21}},"6":{"start":{"line":16,"column":8},"end":{"line":23,"column":10}},"7":{"start":{"line":26,"column":4},"end":{"line":57,"column":15}},"8":{"start":{"line":27,"column":31},"end":{"line":52,"column":9}},"9":{"start":{"line":28,"column":12},"end":{"line":51,"column":13}},"10":{"start":{"line":29,"column":16},"end":{"line":29,"column":70}},"11":{"start":{"line":30,"column":37},"end":{"line":30,"column":67}},"12":{"start":{"line":31,"column":42},"end":{"line":43,"column":19}},"13":{"start":{"line":31,"column":71},"end":{"line":43,"column":17}},"14":{"start":{"line":45,"column":16},"end":{"line":45,"column":49}},"15":{"start":{"line":46,"column":16},"end":{"line":46,"column":92}},"16":{"start":{"line":48,"column":16},"end":{"line":48,"column":71}},"17":{"start":{"line":50,"column":16},"end":{"line":50,"column":34}},"18":{"start":{"line":54,"column":8},"end":{"line":56,"column":9}},"19":{"start":{"line":55,"column":12},"end":{"line":55,"column":29}},"20":{"start":{"line":59,"column":32},"end":{"line":73,"column":5}},"21":{"start":{"line":60,"column":8},"end":{"line":72,"column":9}},"22":{"start":{"line":61,"column":12},"end":{"line":61,"column":61}},"23":{"start":{"line":62,"column":12},"end":{"line":62,"column":43}},"24":{"start":{"line":64,"column":12},"end":{"line":66,"column":14}},"25":{"start":{"line":65,"column":16},"end":{"line":65,"column":72}},"26":{"start":{"line":65,"column":47},"end":{"line":65,"column":71}},"27":{"start":{"line":68,"column":12},"end":{"line":68,"column":60}},"28":{"start":{"line":70,"column":12},"end":{"line":70,"column":64}},"29":{"start":{"line":71,"column":12},"end":{"line":71,"column":80}},"30":{"start":{"line":75,"column":32},"end":{"line":90,"column":9}},"31":{"start":{"line":76,"column":8},"end":{"line":89,"column":9}},"32":{"start":{"line":77,"column":12},"end":{"line":77,"column":60}},"33":{"start":{"line":78,"column":12},"end":{"line":78,"column":43}},"34":{"start":{"line":80,"column":12},"end":{"line":82,"column":14}},"35":{"start":{"line":81,"column":12},"end":{"line":81,"column":68}},"36":{"start":{"line":81,"column":43},"end":{"line":81,"column":67}},"37":{"start":{"line":84,"column":12},"end":{"line":84,"column":75}},"38":{"start":{"line":85,"column":12},"end":{"line":85,"column":65}},"39":{"start":{"line":87,"column":12},"end":{"line":87,"column":62}},"40":{"start":{"line":88,"column":12},"end":{"line":88,"column":87}},"41":{"start":{"line":94,"column":4},"end":{"line":100,"column":5}},"42":{"start":{"line":95,"column":8},"end":{"line":99,"column":10}},"43":{"start":{"line":102,"column":4},"end":{"line":110,"column":5}},"44":{"start":{"line":103,"column":8},"end":{"line":109,"column":10}},"45":{"start":{"line":112,"column":4},"end":{"line":124,"column":6}},"46":{"start":{"line":116,"column":16},"end":{"line":121,"column":18}},"47":{"start":{"line":119,"column":36},"end":{"line":119,"column":67}},"48":{"start":{"line":120,"column":36},"end":{"line":120,"column":67}},"49":{"start":{"line":129,"column":15},"end":{"line":169,"column":2}}},"fnMap":{"0":{"name":"MyBookingsScreen","decl":{"start":{"line":9,"column":9},"end":{"line":9,"column":25}},"loc":{"start":{"line":9,"column":27},"end":{"line":125,"column":1}},"line":9},"1":{"name":"(anonymous_1)","decl":{"start":{"line":11,"column":29},"end":{"line":11,"column":30}},"loc":{"start":{"line":11,"column":38},"end":{"line":11,"column":53}},"line":11},"2":{"name":"(anonymous_2)","decl":{"start":{"line":15,"column":20},"end":{"line":15,"column":21}},"loc":{"start":{"line":15,"column":26},"end":{"line":24,"column":5}},"line":15},"3":{"name":"(anonymous_3)","decl":{"start":{"line":26,"column":14},"end":{"line":26,"column":15}},"loc":{"start":{"line":26,"column":20},"end":{"line":57,"column":5}},"line":26},"4":{"name":"(anonymous_4)","decl":{"start":{"line":27,"column":31},"end":{"line":27,"column":32}},"loc":{"start":{"line":27,"column":43},"end":{"line":52,"column":9}},"line":27},"5":{"name":"(anonymous_5)","decl":{"start":{"line":31,"column":59},"end":{"line":31,"column":60}},"loc":{"start":{"line":31,"column":71},"end":{"line":43,"column":17}},"line":31},"6":{"name":"(anonymous_6)","decl":{"start":{"line":59,"column":32},"end":{"line":59,"column":33}},"loc":{"start":{"line":59,"column":53},"end":{"line":73,"column":5}},"line":59},"7":{"name":"(anonymous_7)","decl":{"start":{"line":64,"column":26},"end":{"line":64,"column":27}},"loc":{"start":{"line":65,"column":16},"end":{"line":65,"column":72}},"line":65},"8":{"name":"(anonymous_8)","decl":{"start":{"line":65,"column":36},"end":{"line":65,"column":37}},"loc":{"start":{"line":65,"column":47},"end":{"line":65,"column":71}},"line":65},"9":{"name":"(anonymous_9)","decl":{"start":{"line":75,"column":32},"end":{"line":75,"column":33}},"loc":{"start":{"line":75,"column":53},"end":{"line":90,"column":9}},"line":75},"10":{"name":"(anonymous_10)","decl":{"start":{"line":80,"column":26},"end":{"line":80,"column":27}},"loc":{"start":{"line":81,"column":12},"end":{"line":81,"column":68}},"line":81},"11":{"name":"(anonymous_11)","decl":{"start":{"line":81,"column":32},"end":{"line":81,"column":33}},"loc":{"start":{"line":81,"column":43},"end":{"line":81,"column":67}},"line":81},"12":{"name":"(anonymous_12)","decl":{"start":{"line":115,"column":28},"end":{"line":115,"column":29}},"loc":{"start":{"line":116,"column":16},"end":{"line":121,"column":18}},"line":116},"13":{"name":"(anonymous_13)","decl":{"start":{"line":119,"column":30},"end":{"line":119,"column":31}},"loc":{"start":{"line":119,"column":36},"end":{"line":119,"column":67}},"line":119},"14":{"name":"(anonymous_14)","decl":{"start":{"line":120,"column":30},"end":{"line":120,"column":31}},"loc":{"start":{"line":120,"column":36},"end":{"line":120,"column":67}},"line":120}},"branchMap":{"0":{"loc":{"start":{"line":54,"column":8},"end":{"line":56,"column":9}},"type":"if","locations":[{"start":{"line":54,"column":8},"end":{"line":56,"column":9}},{"start":{},"end":{}}],"line":54},"1":{"loc":{"start":{"line":54,"column":12},"end":{"line":54,"column":27}},"type":"binary-expr","locations":[{"start":{"line":54,"column":12},"end":{"line":54,"column":16}},{"start":{"line":54,"column":20},"end":{"line":54,"column":27}}],"line":54},"2":{"loc":{"start":{"line":94,"column":4},"end":{"line":100,"column":5}},"type":"if","locations":[{"start":{"line":94,"column":4},"end":{"line":100,"column":5}},{"start":{},"end":{}}],"line":94},"3":{"loc":{"start":{"line":102,"column":4},"end":{"line":110,"column":5}},"type":"if","locations":[{"start":{"line":102,"column":4},"end":{"line":110,"column":5}},{"start":{},"end":{}}],"line":102}},"s":{"0":37,"1":37,"2":10,"3":37,"4":36,"5":36,"6":15,"7":36,"8":15,"9":11,"10":11,"11":11,"12":9,"13":7,"14":9,"15":9,"16":1,"17":10,"18":15,"19":11,"20":36,"21":2,"22":2,"23":2,"24":1,"25":1,"26":1,"27":1,"28":1,"29":1,"30":36,"31":2,"32":2,"33":2,"34":1,"35":1,"36":1,"37":1,"38":1,"39":1,"40":1,"41":36,"42":24,"43":12,"44":6,"45":6,"46":7,"47":2,"48":2,"49":1},"f":{"0":37,"1":10,"2":15,"3":15,"4":11,"5":7,"6":2,"7":1,"8":1,"9":2,"10":1,"11":1,"12":7,"13":2,"14":2},"b":{"0":[11,4],"1":[15,12],"2":[24,12],"3":[6,6]},"_coverageSchema":"1a1c01bbd47fc00a2c39e90264f33305004495a9","hash":"c8aa7d795632abcdd2f80d2b901acbff41cc7feb"}
,"/Users/ajaybeer_sachdeva@uhg.com/Desktop/Conference Meeting Application/screens/RegisterScreen.js": {"path":"/Users/ajaybeer_sachdeva@uhg.com/Desktop/Conference Meeting Application/screens/RegisterScreen.js","statementMap":{"0":{"start":{"line":20,"column":20},"end":{"line":20,"column":36}},"1":{"start":{"line":21,"column":19},"end":{"line":21,"column":32}},"2":{"start":{"line":22,"column":21},"end":{"line":22,"column":36}},"3":{"start":{"line":23,"column":23},"end":{"line":23,"column":35}},"4":{"start":{"line":24,"column":28},"end":{"line":24,"column":40}},"5":{"start":{"line":25,"column":34},"end":{"line":25,"column":46}},"6":{"start":{"line":26,"column":38},"end":{"line":26,"column":50}},"7":{"start":{"line":27,"column":50},"end":{"line":27,"column":65}},"8":{"start":{"line":29,"column":2},"end":{"line":37,"column":18}},"9":{"start":{"line":30,"column":4},"end":{"line":36,"column":6}},"10":{"start":{"line":39,"column":23},"end":{"line":86,"column":5}},"11":{"start":{"line":40,"column":4},"end":{"line":40,"column":30}},"12":{"start":{"line":42,"column":4},"end":{"line":46,"column":5}},"13":{"start":{"line":43,"column":8},"end":{"line":43,"column":64}},"14":{"start":{"line":44,"column":8},"end":{"line":44,"column":35}},"15":{"start":{"line":45,"column":8},"end":{"line":45,"column":15}},"16":{"start":{"line":48,"column":4},"end":{"line":52,"column":5}},"17":{"start":{"line":49,"column":6},"end":{"line":49,"column":69}},"18":{"start":{"line":50,"column":6},"end":{"line":50,"column":33}},"19":{"start":{"line":51,"column":6},"end":{"line":51,"column":13}},"20":{"start":{"line":54,"column":23},"end":{"line":54,"column":51}},"21":{"start":{"line":55,"column":4},"end":{"line":59,"column":5}},"22":{"start":{"line":56,"column":6},"end":{"line":56,"column":65}},"23":{"start":{"line":57,"column":6},"end":{"line":57,"column":33}},"24":{"start":{"line":58,"column":6},"end":{"line":58,"column":13}},"25":{"start":{"line":61,"column":18},"end":{"line":67,"column":5}},"26":{"start":{"line":69,"column":8},"end":{"line":84,"column":9}},"27":{"start":{"line":70,"column":28},"end":{"line":70,"column":53}},"28":{"start":{"line":71,"column":10},"end":{"line":71,"column":72}},"29":{"start":{"line":72,"column":10},"end":{"line":74,"column":11}},"30":{"start":{"line":73,"column":12},"end":{"line":73,"column":52}},"31":{"start":{"line":75,"column":12},"end":{"line":75,"column":66}},"32":{"start":{"line":76,"column":12},"end":{"line":76,"column":76}},"33":{"start":{"line":77,"column":12},"end":{"line":77,"column":76}},"34":{"start":{"line":79,"column":12},"end":{"line":83,"column":7}},"35":{"start":{"line":80,"column":8},"end":{"line":80,"column":96}},"36":{"start":{"line":82,"column":8},"end":{"line":82,"column":71}},"37":{"start":{"line":85,"column":8},"end":{"line":85,"column":35}},"38":{"start":{"line":89,"column":2},"end":{"line":91,"column":3}},"39":{"start":{"line":90,"column":4},"end":{"line":90,"column":27}},"40":{"start":{"line":93,"column":2},"end":{"line":163,"column":4}},"41":{"start":{"line":156,"column":23},"end":{"line":156,"column":50}},"42":{"start":{"line":166,"column":15},"end":{"line":233,"column":2}}},"fnMap":{"0":{"name":"RegisterScreen","decl":{"start":{"line":19,"column":9},"end":{"line":19,"column":23}},"loc":{"start":{"line":19,"column":26},"end":{"line":164,"column":1}},"line":19},"1":{"name":"(anonymous_1)","decl":{"start":{"line":29,"column":18},"end":{"line":29,"column":19}},"loc":{"start":{"line":29,"column":22},"end":{"line":37,"column":3}},"line":29},"2":{"name":"(anonymous_2)","decl":{"start":{"line":39,"column":23},"end":{"line":39,"column":24}},"loc":{"start":{"line":39,"column":35},"end":{"line":86,"column":5}},"line":39},"3":{"name":"(anonymous_3)","decl":{"start":{"line":156,"column":17},"end":{"line":156,"column":18}},"loc":{"start":{"line":156,"column":23},"end":{"line":156,"column":50}},"line":156}},"branchMap":{"0":{"loc":{"start":{"line":42,"column":4},"end":{"line":46,"column":5}},"type":"if","locations":[{"start":{"line":42,"column":4},"end":{"line":46,"column":5}},{"start":{},"end":{}}],"line":42},"1":{"loc":{"start":{"line":42,"column":7},"end":{"line":42,"column":35}},"type":"binary-expr","locations":[{"start":{"line":42,"column":7},"end":{"line":42,"column":12}},{"start":{"line":42,"column":16},"end":{"line":42,"column":22}},{"start":{"line":42,"column":26},"end":{"line":42,"column":35}}],"line":42},"2":{"loc":{"start":{"line":48,"column":4},"end":{"line":52,"column":5}},"type":"if","locations":[{"start":{"line":48,"column":4},"end":{"line":52,"column":5}},{"start":{},"end":{}}],"line":48},"3":{"loc":{"start":{"line":55,"column":4},"end":{"line":59,"column":5}},"type":"if","locations":[{"start":{"line":55,"column":4},"end":{"line":59,"column":5}},{"start":{},"end":{}}],"line":55},"4":{"loc":{"start":{"line":66,"column":19},"end":{"line":66,"column":42}},"type":"binary-expr","locations":[{"start":{"line":66,"column":19},"end":{"line":66,"column":29}},{"start":{"line":66,"column":33},"end":{"line":66,"column":42}}],"line":66},"5":{"loc":{"start":{"line":72,"column":10},"end":{"line":74,"column":11}},"type":"if","locations":[{"start":{"line":72,"column":10},"end":{"line":74,"column":11}},{"start":{},"end":{}}],"line":72},"6":{"loc":{"start":{"line":79,"column":12},"end":{"line":83,"column":7}},"type":"if","locations":[{"start":{"line":79,"column":12},"end":{"line":83,"column":7}},{"start":{"line":81,"column":13},"end":{"line":83,"column":7}}],"line":79},"7":{"loc":{"start":{"line":79,"column":16},"end":{"line":79,"column":83}},"type":"binary-expr","locations":[{"start":{"line":79,"column":16},"end":{"line":79,"column":29}},{"start":{"line":79,"column":33},"end":{"line":79,"column":83}}],"line":79},"8":{"loc":{"start":{"line":89,"column":2},"end":{"line":91,"column":3}},"type":"if","locations":[{"start":{"line":89,"column":2},"end":{"line":91,"column":3}},{"start":{},"end":{}}],"line":89},"9":{"loc":{"start":{"line":104,"column":30},"end":{"line":104,"column":66}},"type":"binary-expr","locations":[{"start":{"line":104,"column":30},"end":{"line":104,"column":41}},{"start":{"line":104,"column":45},"end":{"line":104,"column":66}}],"line":104},"10":{"loc":{"start":{"line":113,"column":30},"end":{"line":113,"column":66}},"type":"binary-expr","locations":[{"start":{"line":113,"column":30},"end":{"line":113,"column":41}},{"start":{"line":113,"column":45},"end":{"line":113,"column":66}}],"line":113},"11":{"loc":{"start":{"line":123,"column":30},"end":{"line":123,"column":66}},"type":"binary-expr","locations":[{"start":{"line":123,"column":30},"end":{"line":123,"column":41}},{"start":{"line":123,"column":45},"end":{"line":123,"column":66}}],"line":123},"12":{"loc":{"start":{"line":132,"column":30},"end":{"line":132,"column":66}},"type":"binary-expr","locations":[{"start":{"line":132,"column":30},"end":{"line":132,"column":41}},{"start":{"line":132,"column":45},"end":{"line":132,"column":66}}],"line":132},"13":{"loc":{"start":{"line":143,"column":10},"end":{"line":143,"column":52}},"type":"binary-expr","locations":[{"start":{"line":143,"column":10},"end":{"line":143,"column":21}},{"start":{"line":143,"column":25},"end":{"line":143,"column":52}}],"line":143},"14":{"loc":{"start":{"line":144,"column":10},"end":{"line":144,"column":51}},"type":"binary-expr","locations":[{"start":{"line":144,"column":10},"end":{"line":144,"column":26}},{"start":{"line":144,"column":30},"end":{"line":144,"column":51}}],"line":144},"15":{"loc":{"start":{"line":150,"column":11},"end":{"line":150,"column":64}},"type":"cond-expr","locations":[{"start":{"line":150,"column":30},"end":{"line":150,"column":51}},{"start":{"line":150,"column":54},"end":{"line":150,"column":64}}],"line":150}},"s":{"0":74,"1":74,"2":74,"3":74,"4":74,"5":74,"6":74,"7":74,"8":74,"9":15,"10":74,"11":13,"12":13,"13":1,"14":1,"15":1,"16":12,"17":1,"18":1,"19":1,"20":11,"21":11,"22":1,"23":1,"24":1,"25":10,"26":10,"27":10,"28":7,"29":4,"30":1,"31":3,"32":3,"33":3,"34":6,"35":1,"36":5,"37":9,"38":74,"39":10,"40":64,"41":1,"42":1},"f":{"0":74,"1":15,"2":13,"3":1},"b":{"0":[1,12],"1":[13,12,12],"2":[1,11],"3":[1,10],"4":[10,9],"5":[1,3],"6":[1,5],"7":[6,6],"8":[10,64],"9":[64,0],"10":[64,0],"11":[64,0],"12":[64,0],"13":[64,0],"14":[64,0],"15":[0,64]},"_coverageSchema":"1a1c01bbd47fc00a2c39e90264f33305004495a9","hash":"89f5f8f1454754bf1fe71a6bf8db5bc59acc73fb"}
,"/Users/ajaybeer_sachdeva@uhg.com/Desktop/Conference Meeting Application/screens/RoomListScreen.js": {"path":"/Users/ajaybeer_sachdeva@uhg.com/Desktop/Conference Meeting Application/screens/RoomListScreen.js","statementMap":{"0":{"start":{"line":13,"column":15},"end":{"line":13,"column":28}},"1":{"start":{"line":14,"column":23},"end":{"line":14,"column":35}},"2":{"start":{"line":15,"column":45},"end":{"line":15,"column":60}},"3":{"start":{"line":16,"column":18},"end":{"line":16,"column":34}},"4":{"start":{"line":18,"column":0},"end":{"line":31,"column":6}},"5":{"start":{"line":19,"column":20},"end":{"line":29,"column":5}},"6":{"start":{"line":20,"column":8},"end":{"line":28,"column":9}},"7":{"start":{"line":21,"column":12},"end":{"line":21,"column":58}},"8":{"start":{"line":22,"column":26},"end":{"line":22,"column":45}},"9":{"start":{"line":23,"column":12},"end":{"line":23,"column":30}},"10":{"start":{"line":24,"column":12},"end":{"line":24,"column":73}},"11":{"start":{"line":26,"column":12},"end":{"line":26,"column":56}},"12":{"start":{"line":27,"column":12},"end":{"line":27,"column":57}},"13":{"start":{"line":30,"column":4},"end":{"line":30,"column":16}},"14":{"start":{"line":34,"column":4},"end":{"line":37,"column":7}},"15":{"start":{"line":40,"column":4},"end":{"line":40,"column":23}},"16":{"start":{"line":43,"column":4},"end":{"line":43,"column":38}},"17":{"start":{"line":46,"column":0},"end":{"line":87,"column":17}},"18":{"start":{"line":47,"column":4},"end":{"line":86,"column":6}},"19":{"start":{"line":55,"column":12},"end":{"line":62,"column":19}},"20":{"start":{"line":65,"column":12},"end":{"line":72,"column":19}},"21":{"start":{"line":89,"column":19},"end":{"line":89,"column":36}},"22":{"start":{"line":91,"column":4},"end":{"line":111,"column":6}},"23":{"start":{"line":95,"column":16},"end":{"line":101,"column":50}},"24":{"start":{"line":106,"column":27},"end":{"line":106,"column":52}},"25":{"start":{"line":107,"column":65},"end":{"line":107,"column":90}},"26":{"start":{"line":109,"column":91},"end":{"line":109,"column":117}},"27":{"start":{"line":116,"column":13},"end":{"line":156,"column":2}}},"fnMap":{"0":{"name":"RoomListScreen","decl":{"start":{"line":12,"column":9},"end":{"line":12,"column":23}},"loc":{"start":{"line":12,"column":37},"end":{"line":112,"column":1}},"line":12},"1":{"name":"(anonymous_1)","decl":{"start":{"line":18,"column":10},"end":{"line":18,"column":11}},"loc":{"start":{"line":18,"column":14},"end":{"line":31,"column":1}},"line":18},"2":{"name":"(anonymous_2)","decl":{"start":{"line":19,"column":20},"end":{"line":19,"column":21}},"loc":{"start":{"line":19,"column":29},"end":{"line":29,"column":5}},"line":19},"3":{"name":"logoutHandler","decl":{"start":{"line":33,"column":9},"end":{"line":33,"column":22}},"loc":{"start":{"line":33,"column":24},"end":{"line":38,"column":1}},"line":33},"4":{"name":"confirmLogoutHandler","decl":{"start":{"line":39,"column":9},"end":{"line":39,"column":29}},"loc":{"start":{"line":39,"column":31},"end":{"line":41,"column":1}},"line":39},"5":{"name":"myBookingsHandler","decl":{"start":{"line":42,"column":9},"end":{"line":42,"column":26}},"loc":{"start":{"line":42,"column":28},"end":{"line":44,"column":1}},"line":42},"6":{"name":"(anonymous_6)","decl":{"start":{"line":46,"column":16},"end":{"line":46,"column":17}},"loc":{"start":{"line":46,"column":22},"end":{"line":87,"column":1}},"line":46},"7":{"name":"(anonymous_7)","decl":{"start":{"line":54,"column":20},"end":{"line":54,"column":21}},"loc":{"start":{"line":55,"column":12},"end":{"line":62,"column":19}},"line":55},"8":{"name":"(anonymous_8)","decl":{"start":{"line":64,"column":21},"end":{"line":64,"column":22}},"loc":{"start":{"line":65,"column":12},"end":{"line":72,"column":19}},"line":65},"9":{"name":"(anonymous_9)","decl":{"start":{"line":94,"column":23},"end":{"line":94,"column":24}},"loc":{"start":{"line":95,"column":16},"end":{"line":101,"column":50}},"line":95},"10":{"name":"(anonymous_10)","decl":{"start":{"line":106,"column":21},"end":{"line":106,"column":22}},"loc":{"start":{"line":106,"column":27},"end":{"line":106,"column":52}},"line":106},"11":{"name":"(anonymous_11)","decl":{"start":{"line":107,"column":59},"end":{"line":107,"column":60}},"loc":{"start":{"line":107,"column":65},"end":{"line":107,"column":90}},"line":107},"12":{"name":"(anonymous_12)","decl":{"start":{"line":109,"column":85},"end":{"line":109,"column":86}},"loc":{"start":{"line":109,"column":91},"end":{"line":109,"column":117}},"line":109}},"branchMap":{"0":{"loc":{"start":{"line":92,"column":21},"end":{"line":92,"column":76}},"type":"cond-expr","locations":[{"start":{"line":92,"column":34},"end":{"line":92,"column":59}},{"start":{"line":92,"column":60},"end":{"line":92,"column":76}}],"line":92},"1":{"loc":{"start":{"line":93,"column":27},"end":{"line":93,"column":83}},"type":"cond-expr","locations":[{"start":{"line":93,"column":39},"end":{"line":93,"column":65}},{"start":{"line":93,"column":66},"end":{"line":93,"column":83}}],"line":93}},"s":{"0":21,"1":21,"2":21,"3":21,"4":21,"5":9,"6":9,"7":9,"8":9,"9":8,"10":8,"11":1,"12":1,"13":9,"14":1,"15":1,"16":1,"17":21,"18":9,"19":2,"20":1,"21":21,"22":21,"23":2,"24":2,"25":1,"26":1,"27":1},"f":{"0":21,"1":9,"2":9,"3":1,"4":1,"5":1,"6":9,"7":2,"8":1,"9":2,"10":2,"11":1,"12":1},"b":{"0":[0,21],"1":[0,21]},"_coverageSchema":"1a1c01bbd47fc00a2c39e90264f33305004495a9","hash":"f58317cb6115a085846634326ccf9a47ec9a7d2f"}
,"/Users/ajaybeer_sachdeva@uhg.com/Desktop/Conference Meeting Application/screens/SplashScreen.js": {"path":"/Users/ajaybeer_sachdeva@uhg.com/Desktop/Conference Meeting Application/screens/SplashScreen.js","statementMap":{"0":{"start":{"line":5,"column":2},"end":{"line":10,"column":4}},"1":{"start":{"line":15,"column":15},"end":{"line":27,"column":2}}},"fnMap":{"0":{"name":"SplashScreen","decl":{"start":{"line":4,"column":9},"end":{"line":4,"column":21}},"loc":{"start":{"line":4,"column":24},"end":{"line":11,"column":1}},"line":4}},"branchMap":{},"s":{"0":1,"1":1},"f":{"0":1},"b":{},"_coverageSchema":"1a1c01bbd47fc00a2c39e90264f33305004495a9","hash":"bac2085b24378c74887d90b8f6614d3daf883b14"}
,"/Users/ajaybeer_sachdeva@uhg.com/Desktop/Conference Meeting Application/util/database.js": {"path":"/Users/ajaybeer_sachdeva@uhg.com/Desktop/Conference Meeting Application/util/database.js","statementMap":{"0":{"start":{"line":6,"column":2},"end":{"line":42,"column":3}},"1":{"start":{"line":7,"column":4},"end":{"line":7,"column":67}},"2":{"start":{"line":8,"column":4},"end":{"line":36,"column":7}},"3":{"start":{"line":38,"column":4},"end":{"line":38,"column":53}},"4":{"start":{"line":40,"column":4},"end":{"line":40,"column":61}},"5":{"start":{"line":41,"column":4},"end":{"line":41,"column":16}},"6":{"start":{"line":46,"column":2},"end":{"line":69,"column":3}},"7":{"start":{"line":47,"column":19},"end":{"line":47,"column":86}},"8":{"start":{"line":48,"column":4},"end":{"line":52,"column":5}},"9":{"start":{"line":49,"column":6},"end":{"line":49,"column":26}},"10":{"start":{"line":50,"column":6},"end":{"line":50,"column":43}},"11":{"start":{"line":51,"column":6},"end":{"line":51,"column":13}},"12":{"start":{"line":54,"column":4},"end":{"line":64,"column":6}},"13":{"start":{"line":66,"column":4},"end":{"line":66,"column":44}},"14":{"start":{"line":68,"column":4},"end":{"line":68,"column":53}},"15":{"start":{"line":73,"column":2},"end":{"line":89,"column":3}},"16":{"start":{"line":74,"column":19},"end":{"line":74,"column":86}},"17":{"start":{"line":75,"column":4},"end":{"line":78,"column":5}},"18":{"start":{"line":76,"column":6},"end":{"line":76,"column":43}},"19":{"start":{"line":77,"column":6},"end":{"line":77,"column":13}},"20":{"start":{"line":80,"column":4},"end":{"line":84,"column":6}},"21":{"start":{"line":86,"column":4},"end":{"line":86,"column":44}},"22":{"start":{"line":88,"column":4},"end":{"line":88,"column":53}},"23":{"start":{"line":93,"column":2},"end":{"line":102,"column":3}},"24":{"start":{"line":94,"column":18},"end":{"line":94,"column":67}},"25":{"start":{"line":95,"column":4},"end":{"line":98,"column":8}},"26":{"start":{"line":95,"column":30},"end":{"line":98,"column":5}},"27":{"start":{"line":100,"column":4},"end":{"line":100,"column":51}},"28":{"start":{"line":101,"column":4},"end":{"line":101,"column":14}},"29":{"start":{"line":106,"column":2},"end":{"line":119,"column":3}},"30":{"start":{"line":107,"column":54},"end":{"line":107,"column":62}},"31":{"start":{"line":109,"column":4},"end":{"line":112,"column":6}},"32":{"start":{"line":114,"column":4},"end":{"line":114,"column":46}},"33":{"start":{"line":115,"column":4},"end":{"line":115,"column":42}},"34":{"start":{"line":117,"column":4},"end":{"line":117,"column":41}},"35":{"start":{"line":118,"column":4},"end":{"line":118,"column":16}},"36":{"start":{"line":123,"column":2},"end":{"line":132,"column":3}},"37":{"start":{"line":124,"column":17},"end":{"line":127,"column":5}},"38":{"start":{"line":128,"column":4},"end":{"line":128,"column":24}},"39":{"start":{"line":130,"column":4},"end":{"line":130,"column":52}},"40":{"start":{"line":131,"column":4},"end":{"line":131,"column":16}},"41":{"start":{"line":136,"column":2},"end":{"line":159,"column":3}},"42":{"start":{"line":137,"column":81},"end":{"line":137,"column":92}},"43":{"start":{"line":139,"column":21},"end":{"line":144,"column":5}},"44":{"start":{"line":146,"column":4},"end":{"line":148,"column":5}},"45":{"start":{"line":147,"column":6},"end":{"line":147,"column":100}},"46":{"start":{"line":150,"column":4},"end":{"line":154,"column":6}},"47":{"start":{"line":156,"column":4},"end":{"line":156,"column":50}},"48":{"start":{"line":158,"column":4},"end":{"line":158,"column":16}},"49":{"start":{"line":163,"column":2},"end":{"line":176,"column":3}},"50":{"start":{"line":164,"column":21},"end":{"line":171,"column":5}},"51":{"start":{"line":172,"column":4},"end":{"line":172,"column":20}},"52":{"start":{"line":174,"column":4},"end":{"line":174,"column":59}},"53":{"start":{"line":175,"column":4},"end":{"line":175,"column":14}},"54":{"start":{"line":180,"column":2},"end":{"line":189,"column":3}},"55":{"start":{"line":181,"column":21},"end":{"line":184,"column":5}},"56":{"start":{"line":185,"column":4},"end":{"line":185,"column":20}},"57":{"start":{"line":187,"column":4},"end":{"line":187,"column":58}},"58":{"start":{"line":188,"column":4},"end":{"line":188,"column":14}},"59":{"start":{"line":193,"column":2},"end":{"line":202,"column":3}},"60":{"start":{"line":194,"column":4},"end":{"line":197,"column":6}},"61":{"start":{"line":198,"column":4},"end":{"line":198,"column":52}},"62":{"start":{"line":200,"column":4},"end":{"line":200,"column":56}},"63":{"start":{"line":201,"column":4},"end":{"line":201,"column":16}},"64":{"start":{"line":206,"column":2},"end":{"line":218,"column":3}},"65":{"start":{"line":207,"column":4},"end":{"line":207,"column":52}},"66":{"start":{"line":209,"column":4},"end":{"line":212,"column":6}},"67":{"start":{"line":214,"column":4},"end":{"line":214,"column":50}},"68":{"start":{"line":216,"column":4},"end":{"line":216,"column":54}},"69":{"start":{"line":217,"column":4},"end":{"line":217,"column":16}}},"fnMap":{"0":{"name":"init","decl":{"start":{"line":5,"column":22},"end":{"line":5,"column":26}},"loc":{"start":{"line":5,"column":29},"end":{"line":43,"column":1}},"line":5},"1":{"name":"insertDefaultRooms","decl":{"start":{"line":45,"column":22},"end":{"line":45,"column":40}},"loc":{"start":{"line":45,"column":43},"end":{"line":70,"column":1}},"line":45},"2":{"name":"insertDefaultUsers","decl":{"start":{"line":72,"column":22},"end":{"line":72,"column":40}},"loc":{"start":{"line":72,"column":43},"end":{"line":90,"column":1}},"line":72},"3":{"name":"getAllRooms","decl":{"start":{"line":92,"column":22},"end":{"line":92,"column":33}},"loc":{"start":{"line":92,"column":36},"end":{"line":103,"column":1}},"line":92},"4":{"name":"(anonymous_4)","decl":{"start":{"line":95,"column":21},"end":{"line":95,"column":22}},"loc":{"start":{"line":95,"column":30},"end":{"line":98,"column":5}},"line":95},"5":{"name":"createUser","decl":{"start":{"line":105,"column":22},"end":{"line":105,"column":32}},"loc":{"start":{"line":105,"column":43},"end":{"line":120,"column":1}},"line":105},"6":{"name":"authenticateUser","decl":{"start":{"line":122,"column":22},"end":{"line":122,"column":38}},"loc":{"start":{"line":122,"column":56},"end":{"line":133,"column":1}},"line":122},"7":{"name":"createBooking","decl":{"start":{"line":135,"column":22},"end":{"line":135,"column":35}},"loc":{"start":{"line":135,"column":49},"end":{"line":160,"column":1}},"line":135},"8":{"name":"getUserBookings","decl":{"start":{"line":162,"column":22},"end":{"line":162,"column":37}},"loc":{"start":{"line":162,"column":46},"end":{"line":177,"column":1}},"line":162},"9":{"name":"getDayBookings","decl":{"start":{"line":179,"column":22},"end":{"line":179,"column":36}},"loc":{"start":{"line":179,"column":51},"end":{"line":190,"column":1}},"line":179},"10":{"name":"cancelBooking","decl":{"start":{"line":192,"column":22},"end":{"line":192,"column":35}},"loc":{"start":{"line":192,"column":47},"end":{"line":203,"column":1}},"line":192},"11":{"name":"deleteBooking","decl":{"start":{"line":205,"column":22},"end":{"line":205,"column":35}},"loc":{"start":{"line":205,"column":47},"end":{"line":219,"column":1}},"line":205}},"branchMap":{"0":{"loc":{"start":{"line":48,"column":4},"end":{"line":52,"column":5}},"type":"if","locations":[{"start":{"line":48,"column":4},"end":{"line":52,"column":5}},{"start":{},"end":{}}],"line":48},"1":{"loc":{"start":{"line":48,"column":8},"end":{"line":48,"column":34}},"type":"binary-expr","locations":[{"start":{"line":48,"column":8},"end":{"line":48,"column":14}},{"start":{"line":48,"column":18},"end":{"line":48,"column":34}}],"line":48},"2":{"loc":{"start":{"line":75,"column":4},"end":{"line":78,"column":5}},"type":"if","locations":[{"start":{"line":75,"column":4},"end":{"line":78,"column":5}},{"start":{},"end":{}}],"line":75},"3":{"loc":{"start":{"line":75,"column":8},"end":{"line":75,"column":34}},"type":"binary-expr","locations":[{"start":{"line":75,"column":8},"end":{"line":75,"column":14}},{"start":{"line":75,"column":18},"end":{"line":75,"column":34}}],"line":75},"4":{"loc":{"start":{"line":111,"column":34},"end":{"line":111,"column":57}},"type":"binary-expr","locations":[{"start":{"line":111,"column":34},"end":{"line":111,"column":44}},{"start":{"line":111,"column":48},"end":{"line":111,"column":57}}],"line":111},"5":{"loc":{"start":{"line":128,"column":11},"end":{"line":128,"column":23}},"type":"binary-expr","locations":[{"start":{"line":128,"column":11},"end":{"line":128,"column":15}},{"start":{"line":128,"column":19},"end":{"line":128,"column":23}}],"line":128},"6":{"loc":{"start":{"line":146,"column":4},"end":{"line":148,"column":5}},"type":"if","locations":[{"start":{"line":146,"column":4},"end":{"line":148,"column":5}},{"start":{},"end":{}}],"line":146},"7":{"loc":{"start":{"line":153,"column":34},"end":{"line":153,"column":51}},"type":"binary-expr","locations":[{"start":{"line":153,"column":34},"end":{"line":153,"column":45}},{"start":{"line":153,"column":49},"end":{"line":153,"column":51}}],"line":153}},"s":{"0":39,"1":39,"2":38,"3":37,"4":2,"5":2,"6":5,"7":5,"8":4,"9":1,"10":1,"11":1,"12":3,"13":2,"14":2,"15":5,"16":5,"17":4,"18":1,"19":1,"20":3,"21":2,"22":2,"23":4,"24":4,"25":3,"26":3,"27":2,"28":2,"29":3,"30":3,"31":3,"32":2,"33":2,"34":1,"35":1,"36":4,"37":4,"38":3,"39":1,"40":1,"41":5,"42":5,"43":5,"44":4,"45":1,"46":3,"47":2,"48":3,"49":3,"50":3,"51":2,"52":1,"53":1,"54":3,"55":3,"56":2,"57":1,"58":1,"59":2,"60":2,"61":1,"62":1,"63":1,"64":2,"65":2,"66":2,"67":1,"68":1,"69":1},"f":{"0":39,"1":5,"2":5,"3":4,"4":3,"5":3,"6":4,"7":5,"8":3,"9":3,"10":2,"11":2},"b":{"0":[1,3],"1":[4,3],"2":[1,3],"3":[4,3],"4":[3,2],"5":[3,2],"6":[1,3],"7":[3,2]},"_coverageSchema":"1a1c01bbd47fc00a2c39e90264f33305004495a9","hash":"c140c3f6a97ca3551223828538d52b580f2c9e1f"}
,"/Users/ajaybeer_sachdeva@uhg.com/Desktop/Conference Meeting Application/util/responsive.js": {"path":"/Users/ajaybeer_sachdeva@uhg.com/Desktop/Conference Meeting Application/util/responsive.js","statementMap":{"0":{"start":{"line":5,"column":40},"end":{"line":7,"column":3}},"1":{"start":{"line":9,"column":2},"end":{"line":19,"column":9}},"2":{"start":{"line":10,"column":25},"end":{"line":12,"column":6}},"3":{"start":{"line":11,"column":6},"end":{"line":11,"column":37}},"4":{"start":{"line":13,"column":4},"end":{"line":18,"column":6}},"5":{"start":{"line":15,"column":6},"end":{"line":17,"column":7}},"6":{"start":{"line":16,"column":8},"end":{"line":16,"column":30}},"7":{"start":{"line":21,"column":2},"end":{"line":21,"column":21}},"8":{"start":{"line":24,"column":53},"end":{"line":24,"column":77}},"9":{"start":{"line":27,"column":18},"end":{"line":27,"column":21}},"10":{"start":{"line":28,"column":19},"end":{"line":28,"column":22}},"11":{"start":{"line":32,"column":26},"end":{"line":32,"column":80}},"12":{"start":{"line":32,"column":36},"end":{"line":32,"column":80}},"13":{"start":{"line":33,"column":27},"end":{"line":33,"column":83}},"14":{"start":{"line":33,"column":37},"end":{"line":33,"column":83}},"15":{"start":{"line":34,"column":25},"end":{"line":34,"column":79}},"16":{"start":{"line":34,"column":35},"end":{"line":34,"column":79}},"17":{"start":{"line":37,"column":30},"end":{"line":44,"column":1}},"18":{"start":{"line":47,"column":34},"end":{"line":56,"column":1}},"19":{"start":{"line":59,"column":29},"end":{"line":59,"column":46}},"20":{"start":{"line":60,"column":30},"end":{"line":60,"column":69}},"21":{"start":{"line":61,"column":29},"end":{"line":61,"column":47}},"22":{"start":{"line":64,"column":30},"end":{"line":68,"column":1}},"23":{"start":{"line":65,"column":2},"end":{"line":65,"column":46}},"24":{"start":{"line":65,"column":21},"end":{"line":65,"column":46}},"25":{"start":{"line":66,"column":2},"end":{"line":66,"column":48}},"26":{"start":{"line":66,"column":22},"end":{"line":66,"column":48}},"27":{"start":{"line":67,"column":2},"end":{"line":67,"column":27}},"28":{"start":{"line":71,"column":33},"end":{"line":75,"column":1}},"29":{"start":{"line":72,"column":2},"end":{"line":72,"column":31}},"30":{"start":{"line":72,"column":21},"end":{"line":72,"column":31}},"31":{"start":{"line":73,"column":2},"end":{"line":73,"column":32}},"32":{"start":{"line":73,"column":22},"end":{"line":73,"column":32}},"33":{"start":{"line":74,"column":2},"end":{"line":74,"column":37}},"34":{"start":{"line":78,"column":31},"end":{"line":96,"column":1}},"35":{"start":{"line":79,"column":2},"end":{"line":95,"column":3}},"36":{"start":{"line":80,"column":4},"end":{"line":86,"column":6}},"37":{"start":{"line":88,"column":4},"end":{"line":94,"column":6}},"38":{"start":{"line":98,"column":33},"end":{"line":102,"column":1}},"39":{"start":{"line":99,"column":2},"end":{"line":99,"column":31}},"40":{"start":{"line":99,"column":21},"end":{"line":99,"column":31}},"41":{"start":{"line":100,"column":2},"end":{"line":100,"column":32}},"42":{"start":{"line":100,"column":22},"end":{"line":100,"column":32}},"43":{"start":{"line":101,"column":2},"end":{"line":101,"column":12}}},"fnMap":{"0":{"name":"useOrientation","decl":{"start":{"line":4,"column":16},"end":{"line":4,"column":30}},"loc":{"start":{"line":4,"column":33},"end":{"line":22,"column":1}},"line":4},"1":{"name":"(anonymous_1)","decl":{"start":{"line":9,"column":12},"end":{"line":9,"column":13}},"loc":{"start":{"line":9,"column":18},"end":{"line":19,"column":3}},"line":9},"2":{"name":"(anonymous_2)","decl":{"start":{"line":10,"column":63},"end":{"line":10,"column":64}},"loc":{"start":{"line":10,"column":98},"end":{"line":12,"column":5}},"line":10},"3":{"name":"(anonymous_3)","decl":{"start":{"line":13,"column":11},"end":{"line":13,"column":12}},"loc":{"start":{"line":13,"column":17},"end":{"line":18,"column":5}},"line":13},"4":{"name":"(anonymous_4)","decl":{"start":{"line":32,"column":26},"end":{"line":32,"column":27}},"loc":{"start":{"line":32,"column":36},"end":{"line":32,"column":80}},"line":32},"5":{"name":"(anonymous_5)","decl":{"start":{"line":33,"column":27},"end":{"line":33,"column":28}},"loc":{"start":{"line":33,"column":37},"end":{"line":33,"column":83}},"line":33},"6":{"name":"(anonymous_6)","decl":{"start":{"line":34,"column":25},"end":{"line":34,"column":26}},"loc":{"start":{"line":34,"column":35},"end":{"line":34,"column":79}},"line":34},"7":{"name":"(anonymous_7)","decl":{"start":{"line":64,"column":30},"end":{"line":64,"column":31}},"loc":{"start":{"line":64,"column":56},"end":{"line":68,"column":1}},"line":64},"8":{"name":"(anonymous_8)","decl":{"start":{"line":71,"column":33},"end":{"line":71,"column":34}},"loc":{"start":{"line":71,"column":39},"end":{"line":75,"column":1}},"line":71},"9":{"name":"(anonymous_9)","decl":{"start":{"line":78,"column":31},"end":{"line":78,"column":32}},"loc":{"start":{"line":78,"column":48},"end":{"line":96,"column":1}},"line":78},"10":{"name":"(anonymous_10)","decl":{"start":{"line":98,"column":33},"end":{"line":98,"column":34}},"loc":{"start":{"line":98,"column":39},"end":{"line":102,"column":1}},"line":98}},"branchMap":{"0":{"loc":{"start":{"line":15,"column":6},"end":{"line":17,"column":7}},"type":"if","locations":[{"start":{"line":15,"column":6},"end":{"line":17,"column":7}},{"start":{},"end":{}}],"line":15},"1":{"loc":{"start":{"line":60,"column":30},"end":{"line":60,"column":69}},"type":"binary-expr","locations":[{"start":{"line":60,"column":30},"end":{"line":60,"column":48}},{"start":{"line":60,"column":52},"end":{"line":60,"column":69}}],"line":60},"2":{"loc":{"start":{"line":65,"column":2},"end":{"line":65,"column":46}},"type":"if","locations":[{"start":{"line":65,"column":2},"end":{"line":65,"column":46}},{"start":{},"end":{}}],"line":65},"3":{"loc":{"start":{"line":66,"column":2},"end":{"line":66,"column":48}},"type":"if","locations":[{"start":{"line":66,"column":2},"end":{"line":66,"column":48}},{"start":{},"end":{}}],"line":66},"4":{"loc":{"start":{"line":72,"column":2},"end":{"line":72,"column":31}},"type":"if","locations":[{"start":{"line":72,"column":2},"end":{"line":72,"column":31}},{"start":{},"end":{}}],"line":72},"5":{"loc":{"start":{"line":73,"column":2},"end":{"line":73,"column":32}},"type":"if","locations":[{"start":{"line":73,"column":2},"end":{"line":73,"column":32}},{"start":{},"end":{}}],"line":73},"6":{"loc":{"start":{"line":79,"column":2},"end":{"line":95,"column":3}},"type":"if","locations":[{"start":{"line":79,"column":2},"end":{"line":95,"column":3}},{"start":{"line":87,"column":9},"end":{"line":95,"column":3}}],"line":79},"7":{"loc":{"start":{"line":83,"column":20},"end":{"line":83,"column":41}},"type":"cond-expr","locations":[{"start":{"line":83,"column":36},"end":{"line":83,"column":37}},{"start":{"line":83,"column":40},"end":{"line":83,"column":41}}],"line":83},"8":{"loc":{"start":{"line":99,"column":2},"end":{"line":99,"column":31}},"type":"if","locations":[{"start":{"line":99,"column":2},"end":{"line":99,"column":31}},{"start":{},"end":{}}],"line":99},"9":{"loc":{"start":{"line":100,"column":2},"end":{"line":100,"column":32}},"type":"if","locations":[{"start":{"line":100,"column":2},"end":{"line":100,"column":32}},{"start":{},"end":{}}],"line":100}},"s":{"0":124,"1":124,"2":37,"3":0,"4":37,"5":37,"6":37,"7":124,"8":48,"9":48,"10":48,"11":48,"12":291,"13":48,"14":2,"15":48,"16":432,"17":48,"18":48,"19":48,"20":48,"21":48,"22":48,"23":36,"24":5,"25":31,"26":6,"27":25,"28":48,"29":52,"30":2,"31":50,"32":2,"33":48,"34":48,"35":25,"36":3,"37":22,"38":48,"39":10,"40":2,"41":8,"42":2,"43":6},"f":{"0":124,"1":37,"2":0,"3":37,"4":291,"5":2,"6":432,"7":36,"8":52,"9":25,"10":10},"b":{"0":[37,0],"1":[48,38],"2":[5,31],"3":[6,25],"4":[2,50],"5":[2,48],"6":[3,22],"7":[3,0],"8":[2,8],"9":[2,6]},"_coverageSchema":"1a1c01bbd47fc00a2c39e90264f33305004495a9","hash":"ccb853cbd29f472fa5ab06e7c840489c4bacddba"}
}
