TN:
SF:components/BookingCard.js
FN:6,BookingCard
FN:7,(anonymous_1)
FN:13,(anonymous_2)
FN:24,(anonymous_3)
FN:79,(anonymous_4)
FN:86,(anonymous_5)
FNF:6
FNH:6
FNDA:14,BookingCard
FNDA:14,(anonymous_1)
FNDA:1,(anonymous_2)
FNDA:1,(anonymous_3)
FNDA:3,(anonymous_4)
FNDA:11,(anonymous_5)
DA:7,14
DA:8,14
DA:9,14
DA:10,14
DA:13,14
DA:14,1
DA:24,14
DA:25,1
DA:35,14
DA:37,14
DA:79,3
DA:86,11
DA:99,1
LF:13
LH:13
BRDA:8,0,0,14
BRDA:8,0,1,9
BRDA:38,1,0,14
BRDA:38,1,1,3
BRDA:43,2,0,3
BRDA:43,2,1,11
BRDA:45,3,0,3
BRDA:45,3,1,11
BRDA:50,4,0,14
BRDA:50,4,1,2
BRDA:63,5,0,3
BRDA:63,5,1,11
BRDA:66,6,0,5
BRDA:66,6,1,9
BRDA:72,7,0,14
BRDA:72,7,1,13
BRDA:77,8,0,3
BRDA:77,8,1,11
BRDA:79,9,0,3
BRDA:79,9,1,0
BRDA:86,10,0,11
BRDA:86,10,1,0
BRF:22
BRH:20
end_of_record
TN:
SF:components/IconButton.js
FN:5,IconButton
FN:8,(anonymous_1)
FNF:2
FNH:2
FNDA:2,IconButton
FNDA:2,(anonymous_1)
DA:6,2
DA:8,2
DA:26,1
LF:3
LH:3
BRDA:10,0,0,2
BRDA:10,0,1,0
BRF:2
BRH:1
end_of_record
TN:
SF:components/Room.js
FN:5,Room
FN:8,selectRoomHandler
FN:14,(anonymous_2)
FNF:3
FNH:3
FNDA:3,Room
FNDA:1,selectRoomHandler
FNDA:3,(anonymous_2)
DA:6,3
DA:9,1
DA:14,3
DA:27,1
LF:4
LH:4
BRDA:14,0,0,3
BRDA:14,0,1,0
BRF:2
BRH:1
end_of_record
TN:
SF:components/UserProfileModal.js
FN:7,UserProfileModal
FN:10,(anonymous_1)
FN:93,(anonymous_2)
FNF:3
FNH:3
FNDA:8,UserProfileModal
FNDA:7,(anonymous_1)
FNDA:1,(anonymous_2)
DA:8,8
DA:9,8
DA:10,8
DA:12,8
DA:14,7
DA:93,1
DA:117,1
LF:7
LH:7
BRDA:12,0,0,1
BRDA:12,0,1,7
BRDA:23,1,0,7
BRDA:23,1,1,0
BRDA:27,2,0,7
BRDA:27,2,1,0
BRDA:74,3,0,7
BRDA:74,3,1,3
BRDA:87,4,0,1
BRDA:87,4,1,6
BRDA:90,5,0,1
BRDA:90,5,1,6
BRF:12
BRH:10
end_of_record
TN:
SF:redux/store.js
FNF:0
FNH:0
DA:4,5
LF:1
LH:1
BRF:0
BRH:0
end_of_record
TN:
SF:redux/slices/userSlice.js
FN:11,(anonymous_0)
FN:15,(anonymous_1)
FNF:2
FNH:2
FNDA:6,(anonymous_0)
FNDA:5,(anonymous_1)
DA:4,1
DA:12,6
DA:13,6
DA:16,5
DA:17,5
DA:18,5
DA:19,5
DA:26,1
LF:8
LH:8
BRF:0
BRH:0
end_of_record
TN:
SF:screens/BookingScreen.js
FN:23,(anonymous_0)
FN:30,(anonymous_1)
FN:59,BookingScreen
FN:62,(anonymous_3)
FN:64,(anonymous_4)
FN:85,(anonymous_5)
FN:91,(anonymous_6)
FN:110,(anonymous_7)
FN:111,(anonymous_8)
FN:131,(anonymous_9)
FN:136,(anonymous_10)
FN:143,(anonymous_11)
FN:178,(anonymous_12)
FN:184,(anonymous_13)
FN:195,(anonymous_14)
FN:222,(anonymous_15)
FN:249,(anonymous_16)
FN:254,(anonymous_17)
FN:259,(anonymous_18)
FN:264,(anonymous_19)
FN:355,(anonymous_20)
FN:366,(anonymous_21)
FN:367,(anonymous_22)
FN:422,(anonymous_23)
FN:436,(anonymous_24)
FN:451,(anonymous_25)
FN:490,(anonymous_26)
FN:495,(anonymous_27)
FN:505,(anonymous_28)
FN:537,(anonymous_29)
FN:542,(anonymous_30)
FN:552,(anonymous_31)
FN:589,(anonymous_32)
FNF:33
FNH:28
FNDA:15,(anonymous_0)
FNDA:25,(anonymous_1)
FNDA:112,BookingScreen
FNDA:0,(anonymous_3)
FNDA:16,(anonymous_4)
FNDA:16,(anonymous_5)
FNDA:16,(anonymous_6)
FNDA:22,(anonymous_7)
FNDA:22,(anonymous_8)
FNDA:22,(anonymous_9)
FNDA:2,(anonymous_10)
FNDA:0,(anonymous_11)
FNDA:44,(anonymous_12)
FNDA:6,(anonymous_13)
FNDA:7,(anonymous_14)
FNDA:7,(anonymous_15)
FNDA:8,(anonymous_16)
FNDA:7,(anonymous_17)
FNDA:6,(anonymous_18)
FNDA:7,(anonymous_19)
FNDA:1,(anonymous_20)
FNDA:4,(anonymous_21)
FNDA:4,(anonymous_22)
FNDA:0,(anonymous_23)
FNDA:28,(anonymous_24)
FNDA:4,(anonymous_25)
FNDA:10,(anonymous_26)
FNDA:10,(anonymous_27)
FNDA:0,(anonymous_28)
FNDA:7,(anonymous_29)
FNDA:7,(anonymous_30)
FNDA:0,(anonymous_31)
FNDA:106,(anonymous_32)
DA:19,1
DA:20,1
DA:23,1
DA:24,15
DA:25,13
DA:26,13
DA:30,1
DA:31,25
DA:32,3
DA:35,22
DA:38,22
DA:39,22
DA:40,7
DA:43,15
DA:46,15
DA:47,0
DA:51,15
DA:52,2
DA:55,13
DA:60,112
DA:61,112
DA:62,112
DA:64,112
DA:65,16
DA:75,112
DA:76,112
DA:77,0
DA:80,112
DA:81,112
DA:83,112
DA:84,112
DA:85,112
DA:86,16
DA:87,16
DA:88,16
DA:91,112
DA:92,16
DA:93,16
DA:94,16
DA:97,112
DA:98,112
DA:101,112
DA:102,112
DA:103,112
DA:104,112
DA:105,112
DA:106,112
DA:107,112
DA:110,112
DA:111,22
DA:112,22
DA:113,22
DA:114,22
DA:115,22
DA:116,22
DA:118,22
DA:119,22
DA:121,22
DA:123,0
DA:128,22
DA:131,112
DA:132,22
DA:133,22
DA:134,22
DA:136,22
DA:143,22
DA:145,22
DA:146,22
DA:148,22
DA:149,2
DA:151,2
DA:154,2
DA:155,1
DA:163,2
DA:166,22
DA:167,21
DA:175,22
DA:178,112
DA:179,44
DA:180,44
DA:181,44
DA:184,112
DA:185,6
DA:186,6
DA:189,6
DA:190,6
DA:191,6
DA:195,112
DA:196,7
DA:198,7
DA:199,7
DA:202,7
DA:203,7
DA:204,7
DA:206,7
DA:209,7
DA:210,0
DA:211,0
DA:214,7
DA:215,7
DA:216,7
DA:218,7
DA:222,112
DA:223,7
DA:225,7
DA:226,7
DA:229,7
DA:230,7
DA:231,7
DA:233,7
DA:236,7
DA:237,0
DA:238,0
DA:241,7
DA:242,7
DA:243,7
DA:245,7
DA:249,112
DA:250,8
DA:251,8
DA:254,112
DA:255,7
DA:256,7
DA:259,112
DA:260,6
DA:264,112
DA:265,7
DA:266,1
DA:267,1
DA:271,6
DA:272,6
DA:273,6
DA:276,6
DA:277,0
DA:278,0
DA:282,6
DA:283,6
DA:284,0
DA:285,0
DA:288,6
DA:289,1
DA:290,1
DA:293,5
DA:294,0
DA:295,0
DA:298,5
DA:299,0
DA:300,0
DA:304,5
DA:305,5
DA:308,5
DA:310,5
DA:311,1
DA:312,1
DA:313,1
DA:314,1
DA:315,1
DA:317,1
DA:318,1
DA:319,1
DA:322,0
DA:323,0
DA:324,0
DA:328,4
DA:329,4
DA:331,4
DA:332,1
DA:333,1
DA:336,3
DA:337,3
DA:348,3
DA:350,3
DA:352,2
DA:355,1
DA:358,2
DA:361,1
DA:366,112
DA:367,4
DA:374,112
DA:422,0
DA:437,28
DA:452,4
DA:491,10
DA:492,10
DA:493,10
DA:496,10
DA:497,10
DA:498,10
DA:505,0
DA:538,7
DA:539,7
DA:540,7
DA:543,7
DA:544,7
DA:545,7
DA:552,0
DA:589,106
DA:604,1
LF:198
LH:177
BRDA:24,0,0,2
BRDA:24,0,1,13
BRDA:31,1,0,3
BRDA:31,1,1,22
BRDA:31,2,0,25
BRDA:31,2,1,23
BRDA:39,3,0,7
BRDA:39,3,1,15
BRDA:46,4,0,0
BRDA:46,4,1,15
BRDA:46,5,0,15
BRDA:46,5,1,15
BRDA:46,5,2,15
BRDA:46,5,3,15
BRDA:51,6,0,2
BRDA:51,6,1,13
BRDA:51,7,0,15
BRDA:51,7,1,14
BRDA:76,8,0,0
BRDA:76,8,1,112
BRDA:112,9,0,22
BRDA:112,9,1,0
BRDA:154,10,0,1
BRDA:154,10,1,1
BRDA:166,11,0,21
BRDA:166,11,1,1
BRDA:185,12,0,6
BRDA:185,12,1,0
BRDA:189,13,0,6
BRDA:189,13,1,0
BRDA:198,14,0,7
BRDA:198,14,1,0
BRDA:202,15,0,7
BRDA:202,15,1,0
BRDA:202,16,0,7
BRDA:202,16,1,7
BRDA:209,17,0,0
BRDA:209,17,1,7
BRDA:209,18,0,7
BRDA:209,18,1,7
BRDA:225,19,0,7
BRDA:225,19,1,0
BRDA:229,20,0,7
BRDA:229,20,1,0
BRDA:229,21,0,7
BRDA:229,21,1,7
BRDA:236,22,0,0
BRDA:236,22,1,7
BRDA:236,23,0,7
BRDA:236,23,1,7
BRDA:265,24,0,1
BRDA:265,24,1,6
BRDA:265,25,0,7
BRDA:265,25,1,7
BRDA:265,25,2,6
BRDA:265,25,3,6
BRDA:276,26,0,0
BRDA:276,26,1,6
BRDA:283,27,0,0
BRDA:283,27,1,6
BRDA:288,28,0,1
BRDA:288,28,1,5
BRDA:293,29,0,0
BRDA:293,29,1,5
BRDA:298,30,0,0
BRDA:298,30,1,5
BRDA:310,31,0,1
BRDA:310,31,1,4
BRDA:317,32,0,1
BRDA:317,32,1,0
BRDA:317,33,0,1
BRDA:317,33,1,0
BRDA:317,33,2,0
BRDA:322,34,0,0
BRDA:322,34,1,0
BRDA:322,35,0,0
BRDA:322,35,1,0
BRDA:322,35,2,0
BRDA:331,36,0,1
BRDA:331,36,1,3
BRDA:408,37,0,112
BRDA:408,37,1,6
BRDA:413,38,0,0
BRDA:413,38,1,6
BRDA:421,39,0,112
BRDA:421,39,1,4
BRDA:421,39,2,0
BRDA:427,40,0,0
BRDA:427,40,1,112
BRDA:435,41,0,27
BRDA:435,41,1,85
BRDA:448,42,0,112
BRDA:448,42,1,4
BRDA:478,43,0,112
BRDA:478,43,1,10
BRDA:482,44,0,0
BRDA:482,44,1,10
BRDA:483,45,0,0
BRDA:483,45,1,10
BRDA:504,46,0,112
BRDA:504,46,1,4
BRDA:504,46,2,3
BRDA:525,47,0,112
BRDA:525,47,1,7
BRDA:529,48,0,0
BRDA:529,48,1,7
BRDA:530,49,0,0
BRDA:530,49,1,7
BRDA:551,50,0,112
BRDA:551,50,1,4
BRDA:551,50,2,0
BRDA:581,51,0,112
BRDA:581,51,1,9
BRDA:582,52,0,112
BRDA:582,52,1,8
BRDA:591,53,0,106
BRDA:591,53,1,0
BRF:117
BRH:85
end_of_record
TN:
SF:screens/LoginScreen.js
FN:20,LoginScreen
FN:28,(anonymous_1)
FN:38,(anonymous_2)
FN:95,(anonymous_3)
FNF:4
FNH:4
FNDA:21,LoginScreen
FNDA:6,(anonymous_1)
FNDA:4,(anonymous_2)
FNDA:1,(anonymous_3)
DA:21,21
DA:22,21
DA:23,21
DA:24,21
DA:25,21
DA:26,21
DA:28,21
DA:29,6
DA:38,21
DA:39,4
DA:40,4
DA:41,4
DA:42,2
DA:43,1
DA:44,1
DA:45,1
DA:46,1
DA:49,1
DA:52,1
DA:53,1
DA:55,3
DA:58,21
DA:59,4
DA:62,17
DA:95,1
DA:105,1
LF:26
LH:26
BRDA:42,0,0,1
BRDA:42,0,1,1
BRDA:58,1,0,4
BRDA:58,1,1,17
BRDA:71,2,0,17
BRDA:71,2,1,0
BRDA:81,3,0,17
BRDA:81,3,1,0
BRDA:89,4,0,17
BRDA:89,4,1,0
BRF:10
BRH:7
end_of_record
TN:
SF:screens/MyBookingsScreen.js
FN:9,MyBookingsScreen
FN:11,(anonymous_1)
FN:15,(anonymous_2)
FN:26,(anonymous_3)
FN:27,(anonymous_4)
FN:31,(anonymous_5)
FN:59,(anonymous_6)
FN:64,(anonymous_7)
FN:65,(anonymous_8)
FN:75,(anonymous_9)
FN:80,(anonymous_10)
FN:81,(anonymous_11)
FN:115,(anonymous_12)
FN:119,(anonymous_13)
FN:120,(anonymous_14)
FNF:15
FNH:15
FNDA:37,MyBookingsScreen
FNDA:10,(anonymous_1)
FNDA:15,(anonymous_2)
FNDA:15,(anonymous_3)
FNDA:11,(anonymous_4)
FNDA:7,(anonymous_5)
FNDA:2,(anonymous_6)
FNDA:1,(anonymous_7)
FNDA:1,(anonymous_8)
FNDA:2,(anonymous_9)
FNDA:1,(anonymous_10)
FNDA:1,(anonymous_11)
FNDA:7,(anonymous_12)
FNDA:2,(anonymous_13)
FNDA:2,(anonymous_14)
DA:10,37
DA:11,37
DA:12,37
DA:13,36
DA:15,36
DA:16,15
DA:26,36
DA:27,15
DA:28,11
DA:29,11
DA:30,11
DA:31,9
DA:45,9
DA:46,9
DA:48,1
DA:50,10
DA:54,15
DA:55,11
DA:59,36
DA:60,2
DA:61,2
DA:62,2
DA:64,1
DA:65,1
DA:68,1
DA:70,1
DA:71,1
DA:75,36
DA:76,2
DA:77,2
DA:78,2
DA:80,1
DA:81,1
DA:84,1
DA:85,1
DA:87,1
DA:88,1
DA:94,36
DA:95,24
DA:102,12
DA:103,6
DA:112,6
DA:116,7
DA:119,2
DA:120,2
DA:129,1
LF:46
LH:46
BRDA:54,0,0,11
BRDA:54,0,1,4
BRDA:54,1,0,15
BRDA:54,1,1,12
BRDA:94,2,0,24
BRDA:94,2,1,12
BRDA:102,3,0,6
BRDA:102,3,1,6
BRF:8
BRH:8
end_of_record
TN:
SF:screens/RegisterScreen.js
FN:19,RegisterScreen
FN:29,(anonymous_1)
FN:39,(anonymous_2)
FN:156,(anonymous_3)
FNF:4
FNH:4
FNDA:74,RegisterScreen
FNDA:15,(anonymous_1)
FNDA:13,(anonymous_2)
FNDA:1,(anonymous_3)
DA:20,74
DA:21,74
DA:22,74
DA:23,74
DA:24,74
DA:25,74
DA:26,74
DA:27,74
DA:29,74
DA:30,15
DA:39,74
DA:40,13
DA:42,13
DA:43,1
DA:44,1
DA:45,1
DA:48,12
DA:49,1
DA:50,1
DA:51,1
DA:54,11
DA:55,11
DA:56,1
DA:57,1
DA:58,1
DA:61,10
DA:69,10
DA:70,10
DA:71,7
DA:72,4
DA:73,1
DA:75,3
DA:76,3
DA:77,3
DA:79,6
DA:80,1
DA:82,5
DA:85,9
DA:89,74
DA:90,10
DA:93,64
DA:156,1
DA:166,1
LF:43
LH:43
BRDA:42,0,0,1
BRDA:42,0,1,12
BRDA:42,1,0,13
BRDA:42,1,1,12
BRDA:42,1,2,12
BRDA:48,2,0,1
BRDA:48,2,1,11
BRDA:55,3,0,1
BRDA:55,3,1,10
BRDA:66,4,0,10
BRDA:66,4,1,9
BRDA:72,5,0,1
BRDA:72,5,1,3
BRDA:79,6,0,1
BRDA:79,6,1,5
BRDA:79,7,0,6
BRDA:79,7,1,6
BRDA:89,8,0,10
BRDA:89,8,1,64
BRDA:104,9,0,64
BRDA:104,9,1,0
BRDA:113,10,0,64
BRDA:113,10,1,0
BRDA:123,11,0,64
BRDA:123,11,1,0
BRDA:132,12,0,64
BRDA:132,12,1,0
BRDA:143,13,0,64
BRDA:143,13,1,0
BRDA:144,14,0,64
BRDA:144,14,1,0
BRDA:150,15,0,0
BRDA:150,15,1,64
BRF:33
BRH:26
end_of_record
TN:
SF:screens/RoomListScreen.js
FN:12,RoomListScreen
FN:18,(anonymous_1)
FN:19,(anonymous_2)
FN:33,logoutHandler
FN:39,confirmLogoutHandler
FN:42,myBookingsHandler
FN:46,(anonymous_6)
FN:54,(anonymous_7)
FN:64,(anonymous_8)
FN:94,(anonymous_9)
FN:106,(anonymous_10)
FN:107,(anonymous_11)
FN:109,(anonymous_12)
FNF:13
FNH:13
FNDA:21,RoomListScreen
FNDA:9,(anonymous_1)
FNDA:9,(anonymous_2)
FNDA:1,logoutHandler
FNDA:1,confirmLogoutHandler
FNDA:1,myBookingsHandler
FNDA:9,(anonymous_6)
FNDA:2,(anonymous_7)
FNDA:1,(anonymous_8)
FNDA:2,(anonymous_9)
FNDA:2,(anonymous_10)
FNDA:1,(anonymous_11)
FNDA:1,(anonymous_12)
DA:13,21
DA:14,21
DA:15,21
DA:16,21
DA:18,21
DA:19,9
DA:20,9
DA:21,9
DA:22,9
DA:23,8
DA:24,8
DA:26,1
DA:27,1
DA:30,9
DA:34,1
DA:40,1
DA:43,1
DA:46,21
DA:47,9
DA:55,2
DA:65,1
DA:89,21
DA:91,21
DA:95,2
DA:106,2
DA:107,1
DA:109,1
DA:116,1
LF:28
LH:28
BRDA:92,0,0,0
BRDA:92,0,1,21
BRDA:93,1,0,0
BRDA:93,1,1,21
BRF:4
BRH:2
end_of_record
TN:
SF:screens/SplashScreen.js
FN:4,SplashScreen
FNF:1
FNH:1
FNDA:1,SplashScreen
DA:5,1
DA:15,1
LF:2
LH:2
BRF:0
BRH:0
end_of_record
TN:
SF:util/database.js
FN:5,init
FN:45,insertDefaultRooms
FN:72,insertDefaultUsers
FN:92,getAllRooms
FN:95,(anonymous_4)
FN:105,createUser
FN:122,authenticateUser
FN:135,createBooking
FN:162,getUserBookings
FN:179,getDayBookings
FN:192,cancelBooking
FN:205,deleteBooking
FNF:12
FNH:12
FNDA:39,init
FNDA:5,insertDefaultRooms
FNDA:5,insertDefaultUsers
FNDA:4,getAllRooms
FNDA:3,(anonymous_4)
FNDA:3,createUser
FNDA:4,authenticateUser
FNDA:5,createBooking
FNDA:3,getUserBookings
FNDA:3,getDayBookings
FNDA:2,cancelBooking
FNDA:2,deleteBooking
DA:6,39
DA:7,39
DA:8,38
DA:38,37
DA:40,2
DA:41,2
DA:46,5
DA:47,5
DA:48,4
DA:49,1
DA:50,1
DA:51,1
DA:54,3
DA:66,2
DA:68,2
DA:73,5
DA:74,5
DA:75,4
DA:76,1
DA:77,1
DA:80,3
DA:86,2
DA:88,2
DA:93,4
DA:94,4
DA:95,3
DA:100,2
DA:101,2
DA:106,3
DA:107,3
DA:109,3
DA:114,2
DA:115,2
DA:117,1
DA:118,1
DA:123,4
DA:124,4
DA:128,3
DA:130,1
DA:131,1
DA:136,5
DA:137,5
DA:139,5
DA:146,4
DA:147,1
DA:150,3
DA:156,2
DA:158,3
DA:163,3
DA:164,3
DA:172,2
DA:174,1
DA:175,1
DA:180,3
DA:181,3
DA:185,2
DA:187,1
DA:188,1
DA:193,2
DA:194,2
DA:198,1
DA:200,1
DA:201,1
DA:206,2
DA:207,2
DA:209,2
DA:214,1
DA:216,1
DA:217,1
LF:69
LH:69
BRDA:48,0,0,1
BRDA:48,0,1,3
BRDA:48,1,0,4
BRDA:48,1,1,3
BRDA:75,2,0,1
BRDA:75,2,1,3
BRDA:75,3,0,4
BRDA:75,3,1,3
BRDA:111,4,0,3
BRDA:111,4,1,2
BRDA:128,5,0,3
BRDA:128,5,1,2
BRDA:146,6,0,1
BRDA:146,6,1,3
BRDA:153,7,0,3
BRDA:153,7,1,2
BRF:16
BRH:16
end_of_record
TN:
SF:util/responsive.js
FN:4,useOrientation
FN:9,(anonymous_1)
FN:10,(anonymous_2)
FN:13,(anonymous_3)
FN:32,(anonymous_4)
FN:33,(anonymous_5)
FN:34,(anonymous_6)
FN:64,(anonymous_7)
FN:71,(anonymous_8)
FN:78,(anonymous_9)
FN:98,(anonymous_10)
FNF:11
FNH:10
FNDA:124,useOrientation
FNDA:37,(anonymous_1)
FNDA:0,(anonymous_2)
FNDA:37,(anonymous_3)
FNDA:291,(anonymous_4)
FNDA:2,(anonymous_5)
FNDA:432,(anonymous_6)
FNDA:36,(anonymous_7)
FNDA:52,(anonymous_8)
FNDA:25,(anonymous_9)
FNDA:10,(anonymous_10)
DA:5,124
DA:9,124
DA:10,37
DA:11,0
DA:13,37
DA:15,37
DA:16,37
DA:21,124
DA:24,48
DA:27,48
DA:28,48
DA:32,291
DA:33,48
DA:34,432
DA:37,48
DA:47,48
DA:59,48
DA:60,48
DA:61,48
DA:64,48
DA:65,36
DA:66,31
DA:67,25
DA:71,48
DA:72,52
DA:73,50
DA:74,48
DA:78,48
DA:79,25
DA:80,3
DA:88,22
DA:98,48
DA:99,10
DA:100,8
DA:101,6
LF:35
LH:34
BRDA:15,0,0,37
BRDA:15,0,1,0
BRDA:60,1,0,48
BRDA:60,1,1,38
BRDA:65,2,0,5
BRDA:65,2,1,31
BRDA:66,3,0,6
BRDA:66,3,1,25
BRDA:72,4,0,2
BRDA:72,4,1,50
BRDA:73,5,0,2
BRDA:73,5,1,48
BRDA:79,6,0,3
BRDA:79,6,1,22
BRDA:83,7,0,3
BRDA:83,7,1,0
BRDA:99,8,0,2
BRDA:99,8,1,8
BRDA:100,9,0,2
BRDA:100,9,1,6
BRF:20
BRH:18
end_of_record
